Args in experiment:
Namespace(random_seed=2021, is_training=1, model_id='336_96', model='Autoformer', data='ETTh1', root_path='./data/ETT/', data_path='ETTh1.csv', features='M', target='OT', freq='h', checkpoints='./checkpoints/', seq_len=336, label_len=48, pred_len=96, fc_dropout=0.3, head_dropout=0.0, patch_len=16, stride=8, padding_patch='end', revin=1, affine=0, subtract_last=0, decomposition=0, kernel_size=25, individual=0, embed_type=0, enc_in=7, dec_in=7, c_out=7, d_model=16, n_heads=4, e_layers=3, d_layers=1, d_ff=128, moving_avg=25, factor=1, distil=True, dropout=0.3, embed='timeF', activation='gelu', output_attention=False, do_predict=False, num_workers=10, itr=1, train_epochs=100, batch_size=128, patience=100, learning_rate=0.0001, des='Exp', loss='mse', lradj='type3', pct_start=0.3, use_amp=False, use_gpu=True, gpu=0, use_multi_gpu=False, devices='0,1,2,3', test_flop=False)
Use GPU: cuda:0
>>>>>>>start training : 336_96_Autoformer_ETTh1_ftM_sl336_ll48_pl96_dm16_nh4_el3_dl1_df128_fc1_ebtimeF_dtTrue_Exp_0>>>>>>>>>>>>>>>>>>>>>>>>>>
train 8209
val 2785
test 2785
Epoch: 1 cost time: 3.0187807083129883
Epoch: 1, Steps: 64 | Train Loss: 1.0111192 Vali Loss: 1.9083425 Test Loss: 1.2253491
Validation loss decreased (inf --> 1.908342).  Saving model ...
Updating learning rate to 0.0001
Epoch: 2 cost time: 2.01202654838562
Epoch: 2, Steps: 64 | Train Loss: 0.8611764 Vali Loss: 1.3568012 Test Loss: 0.8203418
Validation loss decreased (1.908342 --> 1.356801).  Saving model ...
Updating learning rate to 0.0001
Epoch: 3 cost time: 2.2990801334381104
Epoch: 3, Steps: 64 | Train Loss: 0.7113115 Vali Loss: 1.3315248 Test Loss: 0.8802565
Validation loss decreased (1.356801 --> 1.331525).  Saving model ...
Updating learning rate to 0.0001
Epoch: 4 cost time: 1.9732980728149414
Epoch: 4, Steps: 64 | Train Loss: 0.6454202 Vali Loss: 1.2640089 Test Loss: 0.7903700
Validation loss decreased (1.331525 --> 1.264009).  Saving model ...
Updating learning rate to 9e-05
Epoch: 5 cost time: 2.270098924636841
Epoch: 5, Steps: 64 | Train Loss: 0.6030194 Vali Loss: 1.2587086 Test Loss: 0.7829971
Validation loss decreased (1.264009 --> 1.258709).  Saving model ...
Updating learning rate to 8.1e-05
Epoch: 6 cost time: 2.107570171356201
Epoch: 6, Steps: 64 | Train Loss: 0.5817403 Vali Loss: 1.2668194 Test Loss: 0.7272470
EarlyStopping counter: 1 out of 100
Updating learning rate to 7.290000000000001e-05
Epoch: 7 cost time: 1.9765498638153076
Epoch: 7, Steps: 64 | Train Loss: 0.5652643 Vali Loss: 1.3087221 Test Loss: 0.7483352
EarlyStopping counter: 2 out of 100
Updating learning rate to 6.561e-05
Epoch: 8 cost time: 2.1763436794281006
Epoch: 8, Steps: 64 | Train Loss: 0.5569706 Vali Loss: 1.3004907 Test Loss: 0.7275019
EarlyStopping counter: 3 out of 100
Updating learning rate to 5.904900000000001e-05
Epoch: 9 cost time: 1.956451177597046
Epoch: 9, Steps: 64 | Train Loss: 0.5488747 Vali Loss: 1.3187045 Test Loss: 0.7605585
EarlyStopping counter: 4 out of 100
Updating learning rate to 5.3144100000000005e-05
Epoch: 10 cost time: 2.1429102420806885
Epoch: 10, Steps: 64 | Train Loss: 0.5424924 Vali Loss: 1.3347772 Test Loss: 0.7714852
EarlyStopping counter: 5 out of 100
Updating learning rate to 4.782969000000001e-05
Epoch: 11 cost time: 2.1226906776428223
Epoch: 11, Steps: 64 | Train Loss: 0.5386535 Vali Loss: 1.2653579 Test Loss: 0.6859740
EarlyStopping counter: 6 out of 100
Updating learning rate to 4.304672100000001e-05
Epoch: 12 cost time: 1.9765293598175049
Epoch: 12, Steps: 64 | Train Loss: 0.5332310 Vali Loss: 1.2454745 Test Loss: 0.6785567
Validation loss decreased (1.258709 --> 1.245474).  Saving model ...
Updating learning rate to 3.874204890000001e-05
Epoch: 13 cost time: 1.5525598526000977
Epoch: 13, Steps: 64 | Train Loss: 0.5295986 Vali Loss: 1.2615899 Test Loss: 0.6894516
EarlyStopping counter: 1 out of 100
Updating learning rate to 3.486784401000001e-05
Epoch: 14 cost time: 1.4904148578643799
Epoch: 14, Steps: 64 | Train Loss: 0.5279480 Vali Loss: 1.2635818 Test Loss: 0.6847336
EarlyStopping counter: 2 out of 100
Updating learning rate to 3.138105960900001e-05
Epoch: 15 cost time: 1.5787711143493652
Epoch: 15, Steps: 64 | Train Loss: 0.5247081 Vali Loss: 1.2651970 Test Loss: 0.6927202
EarlyStopping counter: 3 out of 100
Updating learning rate to 2.824295364810001e-05
Epoch: 16 cost time: 1.4907827377319336
Epoch: 16, Steps: 64 | Train Loss: 0.5226526 Vali Loss: 1.2843801 Test Loss: 0.6983899
EarlyStopping counter: 4 out of 100
Updating learning rate to 2.541865828329001e-05
Epoch: 17 cost time: 2.03332781791687
Epoch: 17, Steps: 64 | Train Loss: 0.5213602 Vali Loss: 1.2828722 Test Loss: 0.6989406
EarlyStopping counter: 5 out of 100
Updating learning rate to 2.287679245496101e-05
Epoch: 18 cost time: 2.0738918781280518
Epoch: 18, Steps: 64 | Train Loss: 0.5202169 Vali Loss: 1.2778466 Test Loss: 0.6938001
EarlyStopping counter: 6 out of 100
Updating learning rate to 2.0589113209464907e-05
Epoch: 19 cost time: 2.225559949874878
Epoch: 19, Steps: 64 | Train Loss: 0.5179386 Vali Loss: 1.2862813 Test Loss: 0.7016532
EarlyStopping counter: 7 out of 100
Updating learning rate to 1.8530201888518416e-05
Epoch: 20 cost time: 2.0643956661224365
Epoch: 20, Steps: 64 | Train Loss: 0.5180074 Vali Loss: 1.2847080 Test Loss: 0.7013184
EarlyStopping counter: 8 out of 100
Updating learning rate to 1.6677181699666577e-05
Epoch: 21 cost time: 2.1203017234802246
Epoch: 21, Steps: 64 | Train Loss: 0.5166960 Vali Loss: 1.2820792 Test Loss: 0.6965041
EarlyStopping counter: 9 out of 100
Updating learning rate to 1.5009463529699919e-05
Epoch: 22 cost time: 2.0973031520843506
Epoch: 22, Steps: 64 | Train Loss: 0.5167586 Vali Loss: 1.2807482 Test Loss: 0.6928907
EarlyStopping counter: 10 out of 100
Updating learning rate to 1.3508517176729929e-05
Epoch: 23 cost time: 2.2180395126342773
Epoch: 23, Steps: 64 | Train Loss: 0.5151815 Vali Loss: 1.2590616 Test Loss: 0.6798524
EarlyStopping counter: 11 out of 100
Updating learning rate to 1.2157665459056936e-05
Epoch: 24 cost time: 2.0451667308807373
Epoch: 24, Steps: 64 | Train Loss: 0.5134568 Vali Loss: 1.2619925 Test Loss: 0.6739491
EarlyStopping counter: 12 out of 100
Updating learning rate to 1.0941898913151242e-05
Epoch: 25 cost time: 2.2089223861694336
Epoch: 25, Steps: 64 | Train Loss: 0.5130846 Vali Loss: 1.2603223 Test Loss: 0.6707049
EarlyStopping counter: 13 out of 100
Updating learning rate to 9.847709021836118e-06
Epoch: 26 cost time: 2.0123136043548584
Epoch: 26, Steps: 64 | Train Loss: 0.5126227 Vali Loss: 1.2577618 Test Loss: 0.6700156
EarlyStopping counter: 14 out of 100
Updating learning rate to 8.862938119652508e-06
Epoch: 27 cost time: 2.1658244132995605
Epoch: 27, Steps: 64 | Train Loss: 0.5117046 Vali Loss: 1.2602608 Test Loss: 0.6675601
EarlyStopping counter: 15 out of 100
Updating learning rate to 7.976644307687255e-06
Epoch: 28 cost time: 1.500443935394287
Epoch: 28, Steps: 64 | Train Loss: 0.5107579 Vali Loss: 1.2541231 Test Loss: 0.6673236
EarlyStopping counter: 16 out of 100
Updating learning rate to 7.178979876918531e-06
Epoch: 29 cost time: 1.447019338607788
Epoch: 29, Steps: 64 | Train Loss: 0.5107180 Vali Loss: 1.2517992 Test Loss: 0.6645114
EarlyStopping counter: 17 out of 100
Updating learning rate to 6.4610818892266776e-06
Epoch: 30 cost time: 1.5345265865325928
Epoch: 30, Steps: 64 | Train Loss: 0.5097323 Vali Loss: 1.2564799 Test Loss: 0.6658176
EarlyStopping counter: 18 out of 100
Updating learning rate to 5.8149737003040096e-06
Epoch: 31 cost time: 1.7358641624450684
Epoch: 31, Steps: 64 | Train Loss: 0.5093954 Vali Loss: 1.2534771 Test Loss: 0.6648806
EarlyStopping counter: 19 out of 100
Updating learning rate to 5.23347633027361e-06
Epoch: 32 cost time: 2.019929885864258
Epoch: 32, Steps: 64 | Train Loss: 0.5092571 Vali Loss: 1.2560939 Test Loss: 0.6653435
EarlyStopping counter: 20 out of 100
Updating learning rate to 4.710128697246249e-06
Epoch: 33 cost time: 2.1914401054382324
Epoch: 33, Steps: 64 | Train Loss: 0.5093863 Vali Loss: 1.2575268 Test Loss: 0.6679572
EarlyStopping counter: 21 out of 100
Updating learning rate to 4.239115827521624e-06
Epoch: 34 cost time: 1.761354923248291
Epoch: 34, Steps: 64 | Train Loss: 0.5088771 Vali Loss: 1.2557495 Test Loss: 0.6669498
EarlyStopping counter: 22 out of 100
Updating learning rate to 3.815204244769462e-06
Epoch: 35 cost time: 2.2864935398101807
Epoch: 35, Steps: 64 | Train Loss: 0.5092656 Vali Loss: 1.2569610 Test Loss: 0.6652431
EarlyStopping counter: 23 out of 100
Updating learning rate to 3.4336838202925152e-06
Epoch: 36 cost time: 2.069593906402588
Epoch: 36, Steps: 64 | Train Loss: 0.5081101 Vali Loss: 1.2562828 Test Loss: 0.6627588
EarlyStopping counter: 24 out of 100
Updating learning rate to 3.090315438263264e-06
Epoch: 37 cost time: 2.118699073791504
Epoch: 37, Steps: 64 | Train Loss: 0.5085898 Vali Loss: 1.2599041 Test Loss: 0.6640126
EarlyStopping counter: 25 out of 100
Updating learning rate to 2.7812838944369375e-06
Epoch: 38 cost time: 2.348081111907959
Epoch: 38, Steps: 64 | Train Loss: 0.5078961 Vali Loss: 1.2597004 Test Loss: 0.6671003
EarlyStopping counter: 26 out of 100
Updating learning rate to 2.503155504993244e-06
Epoch: 39 cost time: 2.2198946475982666
Epoch: 39, Steps: 64 | Train Loss: 0.5096070 Vali Loss: 1.2566566 Test Loss: 0.6655903
EarlyStopping counter: 27 out of 100
Updating learning rate to 2.2528399544939195e-06
Epoch: 40 cost time: 2.2736668586730957
Epoch: 40, Steps: 64 | Train Loss: 0.5078599 Vali Loss: 1.2547101 Test Loss: 0.6659233
EarlyStopping counter: 28 out of 100
Updating learning rate to 2.0275559590445276e-06
Epoch: 41 cost time: 2.1727981567382812
Epoch: 41, Steps: 64 | Train Loss: 0.5080545 Vali Loss: 1.2583630 Test Loss: 0.6653532
EarlyStopping counter: 29 out of 100
Updating learning rate to 1.8248003631400751e-06
Epoch: 42 cost time: 2.0871310234069824
Epoch: 42, Steps: 64 | Train Loss: 0.5082705 Vali Loss: 1.2594208 Test Loss: 0.6660234
EarlyStopping counter: 30 out of 100
Updating learning rate to 1.6423203268260676e-06
Epoch: 43 cost time: 1.742995023727417
Epoch: 43, Steps: 64 | Train Loss: 0.5078679 Vali Loss: 1.2578813 Test Loss: 0.6649678
EarlyStopping counter: 31 out of 100
Updating learning rate to 1.4780882941434609e-06
Epoch: 44 cost time: 1.7282094955444336
Epoch: 44, Steps: 64 | Train Loss: 0.5068678 Vali Loss: 1.2539532 Test Loss: 0.6647176
EarlyStopping counter: 32 out of 100
Updating learning rate to 1.3302794647291146e-06
Epoch: 45 cost time: 1.5045912265777588
Epoch: 45, Steps: 64 | Train Loss: 0.5067216 Vali Loss: 1.2534060 Test Loss: 0.6637551
EarlyStopping counter: 33 out of 100
Updating learning rate to 1.1972515182562034e-06
Epoch: 46 cost time: 1.5678138732910156
Epoch: 46, Steps: 64 | Train Loss: 0.5072744 Vali Loss: 1.2553318 Test Loss: 0.6640330
EarlyStopping counter: 34 out of 100
Updating learning rate to 1.077526366430583e-06
Epoch: 47 cost time: 1.5990331172943115
Epoch: 47, Steps: 64 | Train Loss: 0.5080126 Vali Loss: 1.2561178 Test Loss: 0.6645267
EarlyStopping counter: 35 out of 100
Updating learning rate to 9.697737297875248e-07
Epoch: 48 cost time: 1.9433374404907227
Epoch: 48, Steps: 64 | Train Loss: 0.5070492 Vali Loss: 1.2553797 Test Loss: 0.6629357
EarlyStopping counter: 36 out of 100
Updating learning rate to 8.727963568087723e-07
Epoch: 49 cost time: 2.136180877685547
Epoch: 49, Steps: 64 | Train Loss: 0.5076682 Vali Loss: 1.2476430 Test Loss: 0.6627329
EarlyStopping counter: 37 out of 100
Updating learning rate to 7.855167211278951e-07
Epoch: 50 cost time: 2.0496790409088135
Epoch: 50, Steps: 64 | Train Loss: 0.5072225 Vali Loss: 1.2565928 Test Loss: 0.6626919
EarlyStopping counter: 38 out of 100
Updating learning rate to 7.069650490151056e-07
Epoch: 51 cost time: 2.1703402996063232
Epoch: 51, Steps: 64 | Train Loss: 0.5069494 Vali Loss: 1.2571537 Test Loss: 0.6621757
EarlyStopping counter: 39 out of 100
Updating learning rate to 6.36268544113595e-07
Epoch: 52 cost time: 2.2219855785369873
Epoch: 52, Steps: 64 | Train Loss: 0.5072160 Vali Loss: 1.2504833 Test Loss: 0.6623799
EarlyStopping counter: 40 out of 100
Updating learning rate to 5.726416897022355e-07
Epoch: 53 cost time: 2.1133532524108887
Epoch: 53, Steps: 64 | Train Loss: 0.5067270 Vali Loss: 1.2545420 Test Loss: 0.6626176
EarlyStopping counter: 41 out of 100
Updating learning rate to 5.15377520732012e-07
Epoch: 54 cost time: 2.1087381839752197
Epoch: 54, Steps: 64 | Train Loss: 0.5061790 Vali Loss: 1.2516886 Test Loss: 0.6623223
EarlyStopping counter: 42 out of 100
Updating learning rate to 4.6383976865881085e-07
Epoch: 55 cost time: 2.200032949447632
Epoch: 55, Steps: 64 | Train Loss: 0.5067432 Vali Loss: 1.2569132 Test Loss: 0.6622895
EarlyStopping counter: 43 out of 100
Updating learning rate to 4.174557917929298e-07
Epoch: 56 cost time: 2.128467559814453
Epoch: 56, Steps: 64 | Train Loss: 0.5069127 Vali Loss: 1.2559104 Test Loss: 0.6627616
EarlyStopping counter: 44 out of 100
Updating learning rate to 3.7571021261363677e-07
Epoch: 57 cost time: 2.1646571159362793
Epoch: 57, Steps: 64 | Train Loss: 0.5063227 Vali Loss: 1.2565249 Test Loss: 0.6628268
EarlyStopping counter: 45 out of 100
Updating learning rate to 3.381391913522731e-07
Epoch: 58 cost time: 1.978752851486206
Epoch: 58, Steps: 64 | Train Loss: 0.5064670 Vali Loss: 1.2601309 Test Loss: 0.6631709
EarlyStopping counter: 46 out of 100
Updating learning rate to 3.043252722170458e-07
Epoch: 59 cost time: 1.5165972709655762
Epoch: 59, Steps: 64 | Train Loss: 0.5075877 Vali Loss: 1.2555851 Test Loss: 0.6629995
EarlyStopping counter: 47 out of 100
Updating learning rate to 2.7389274499534124e-07
Epoch: 60 cost time: 1.5181300640106201
Epoch: 60, Steps: 64 | Train Loss: 0.5067818 Vali Loss: 1.2597790 Test Loss: 0.6628383
EarlyStopping counter: 48 out of 100
Updating learning rate to 2.465034704958071e-07
Epoch: 61 cost time: 1.473158359527588
Epoch: 61, Steps: 64 | Train Loss: 0.5066139 Vali Loss: 1.2563528 Test Loss: 0.6629235
EarlyStopping counter: 49 out of 100
Updating learning rate to 2.218531234462264e-07
Epoch: 62 cost time: 1.5007877349853516
Epoch: 62, Steps: 64 | Train Loss: 0.5066059 Vali Loss: 1.2510681 Test Loss: 0.6626481
EarlyStopping counter: 50 out of 100
Updating learning rate to 1.9966781110160376e-07
Epoch: 63 cost time: 2.1013970375061035
Epoch: 63, Steps: 64 | Train Loss: 0.5071631 Vali Loss: 1.2577405 Test Loss: 0.6629282
EarlyStopping counter: 51 out of 100
Updating learning rate to 1.797010299914434e-07
Epoch: 64 cost time: 2.0457091331481934
Epoch: 64, Steps: 64 | Train Loss: 0.5073823 Vali Loss: 1.2501018 Test Loss: 0.6629314
EarlyStopping counter: 52 out of 100
Updating learning rate to 1.6173092699229907e-07
Epoch: 65 cost time: 2.148956537246704
Epoch: 65, Steps: 64 | Train Loss: 0.5065029 Vali Loss: 1.2511878 Test Loss: 0.6628625
EarlyStopping counter: 53 out of 100
Updating learning rate to 1.4555783429306916e-07
Epoch: 66 cost time: 2.1150991916656494
Epoch: 66, Steps: 64 | Train Loss: 0.5064519 Vali Loss: 1.2590898 Test Loss: 0.6629197
EarlyStopping counter: 54 out of 100
Updating learning rate to 1.3100205086376224e-07
Epoch: 67 cost time: 1.9943599700927734
Epoch: 67, Steps: 64 | Train Loss: 0.5064574 Vali Loss: 1.2575158 Test Loss: 0.6630421
EarlyStopping counter: 55 out of 100
Updating learning rate to 1.1790184577738603e-07
Epoch: 68 cost time: 2.2665505409240723
Epoch: 68, Steps: 64 | Train Loss: 0.5067383 Vali Loss: 1.2545965 Test Loss: 0.6629866
EarlyStopping counter: 56 out of 100
Updating learning rate to 1.0611166119964742e-07
Epoch: 69 cost time: 2.1720499992370605
Epoch: 69, Steps: 64 | Train Loss: 0.5069419 Vali Loss: 1.2526186 Test Loss: 0.6629558
EarlyStopping counter: 57 out of 100
Updating learning rate to 9.550049507968268e-08
Epoch: 70 cost time: 2.1626248359680176
Epoch: 70, Steps: 64 | Train Loss: 0.5067468 Vali Loss: 1.2541820 Test Loss: 0.6629393
EarlyStopping counter: 58 out of 100
Updating learning rate to 8.595044557171442e-08
Epoch: 71 cost time: 2.075521230697632
Epoch: 71, Steps: 64 | Train Loss: 0.5073652 Vali Loss: 1.2539874 Test Loss: 0.6629469
EarlyStopping counter: 59 out of 100
Updating learning rate to 7.735540101454298e-08
Epoch: 72 cost time: 1.9632000923156738
Epoch: 72, Steps: 64 | Train Loss: 0.5062875 Vali Loss: 1.2585020 Test Loss: 0.6628588
EarlyStopping counter: 60 out of 100
Updating learning rate to 6.961986091308869e-08
Epoch: 73 cost time: 2.010422468185425
Epoch: 73, Steps: 64 | Train Loss: 0.5066938 Vali Loss: 1.2539117 Test Loss: 0.6627366
EarlyStopping counter: 61 out of 100
Updating learning rate to 6.265787482177981e-08
Epoch: 74 cost time: 1.5157461166381836
Epoch: 74, Steps: 64 | Train Loss: 0.5067467 Vali Loss: 1.2501028 Test Loss: 0.6627311
EarlyStopping counter: 62 out of 100
Updating learning rate to 5.639208733960184e-08
Epoch: 75 cost time: 1.5330595970153809
Epoch: 75, Steps: 64 | Train Loss: 0.5064496 Vali Loss: 1.2548590 Test Loss: 0.6626693
EarlyStopping counter: 63 out of 100
Updating learning rate to 5.075287860564165e-08
Epoch: 76 cost time: 1.498095989227295
Epoch: 76, Steps: 64 | Train Loss: 0.5063855 Vali Loss: 1.2590623 Test Loss: 0.6627473
EarlyStopping counter: 64 out of 100
Updating learning rate to 4.567759074507749e-08
Epoch: 77 cost time: 1.4287197589874268
Epoch: 77, Steps: 64 | Train Loss: 0.5066522 Vali Loss: 1.2553782 Test Loss: 0.6627223
EarlyStopping counter: 65 out of 100
Updating learning rate to 4.1109831670569744e-08
Epoch: 78 cost time: 2.0129146575927734
Epoch: 78, Steps: 64 | Train Loss: 0.5064868 Vali Loss: 1.2577217 Test Loss: 0.6627601
EarlyStopping counter: 66 out of 100
Updating learning rate to 3.6998848503512764e-08
Epoch: 79 cost time: 2.072066068649292
Epoch: 79, Steps: 64 | Train Loss: 0.5067201 Vali Loss: 1.2575204 Test Loss: 0.6627637
EarlyStopping counter: 67 out of 100
Updating learning rate to 3.3298963653161496e-08
Epoch: 80 cost time: 2.0244548320770264
Epoch: 80, Steps: 64 | Train Loss: 0.5058589 Vali Loss: 1.2568363 Test Loss: 0.6627601
EarlyStopping counter: 68 out of 100
Updating learning rate to 2.996906728784534e-08
Epoch: 81 cost time: 2.238646984100342
Epoch: 81, Steps: 64 | Train Loss: 0.5061634 Vali Loss: 1.2579081 Test Loss: 0.6627020
EarlyStopping counter: 69 out of 100
Updating learning rate to 2.697216055906081e-08
Epoch: 82 cost time: 2.178105115890503
Epoch: 82, Steps: 64 | Train Loss: 0.5058617 Vali Loss: 1.2550231 Test Loss: 0.6627417
EarlyStopping counter: 70 out of 100
Updating learning rate to 2.427494450315473e-08
Epoch: 83 cost time: 2.100102663040161
Epoch: 83, Steps: 64 | Train Loss: 0.5068656 Vali Loss: 1.2537948 Test Loss: 0.6626469
EarlyStopping counter: 71 out of 100
Updating learning rate to 2.1847450052839257e-08
Epoch: 84 cost time: 2.1646788120269775
Epoch: 84, Steps: 64 | Train Loss: 0.5072151 Vali Loss: 1.2538433 Test Loss: 0.6626567
EarlyStopping counter: 72 out of 100
Updating learning rate to 1.9662705047555332e-08
Epoch: 85 cost time: 2.1789844036102295
Epoch: 85, Steps: 64 | Train Loss: 0.5067092 Vali Loss: 1.2557065 Test Loss: 0.6626529
EarlyStopping counter: 73 out of 100
Updating learning rate to 1.7696434542799797e-08
Epoch: 86 cost time: 2.2204113006591797
Epoch: 86, Steps: 64 | Train Loss: 0.5059436 Vali Loss: 1.2579528 Test Loss: 0.6626525
EarlyStopping counter: 74 out of 100
Updating learning rate to 1.5926791088519817e-08
Epoch: 87 cost time: 2.1233088970184326
Epoch: 87, Steps: 64 | Train Loss: 0.5067180 Vali Loss: 1.2577503 Test Loss: 0.6626525
EarlyStopping counter: 75 out of 100
Updating learning rate to 1.4334111979667836e-08
Epoch: 88 cost time: 2.255614995956421
Epoch: 88, Steps: 64 | Train Loss: 0.5069422 Vali Loss: 1.2607851 Test Loss: 0.6626529
EarlyStopping counter: 76 out of 100
Updating learning rate to 1.2900700781701054e-08
Epoch: 89 cost time: 1.6375532150268555
Epoch: 89, Steps: 64 | Train Loss: 0.5071324 Vali Loss: 1.2514032 Test Loss: 0.6626520
EarlyStopping counter: 77 out of 100
Updating learning rate to 1.161063070353095e-08
Epoch: 90 cost time: 1.540390968322754
Epoch: 90, Steps: 64 | Train Loss: 0.5069499 Vali Loss: 1.2544478 Test Loss: 0.6626523
EarlyStopping counter: 78 out of 100
Updating learning rate to 1.0449567633177854e-08
Epoch: 91 cost time: 1.5547730922698975
Epoch: 91, Steps: 64 | Train Loss: 0.5061102 Vali Loss: 1.2563016 Test Loss: 0.6626405
EarlyStopping counter: 79 out of 100
Updating learning rate to 9.404610869860069e-09
Epoch: 92 cost time: 1.7147972583770752
Epoch: 92, Steps: 64 | Train Loss: 0.5068295 Vali Loss: 1.2533406 Test Loss: 0.6626413
EarlyStopping counter: 80 out of 100
Updating learning rate to 8.464149782874063e-09
Epoch: 93 cost time: 1.4762182235717773
Epoch: 93, Steps: 64 | Train Loss: 0.5066015 Vali Loss: 1.2555486 Test Loss: 0.6626393
EarlyStopping counter: 81 out of 100
Updating learning rate to 7.617734804586658e-09
Epoch: 94 cost time: 2.208893060684204
Epoch: 94, Steps: 64 | Train Loss: 0.5070402 Vali Loss: 1.2577088 Test Loss: 0.6626506
EarlyStopping counter: 82 out of 100
Updating learning rate to 6.855961324127991e-09
Epoch: 95 cost time: 2.2294180393218994
Epoch: 95, Steps: 64 | Train Loss: 0.5061803 Vali Loss: 1.2565668 Test Loss: 0.6626536
EarlyStopping counter: 83 out of 100
Updating learning rate to 6.170365191715193e-09
Epoch: 96 cost time: 2.118838310241699
Epoch: 96, Steps: 64 | Train Loss: 0.5072976 Vali Loss: 1.2576890 Test Loss: 0.6626535
EarlyStopping counter: 84 out of 100
Updating learning rate to 5.5533286725436726e-09
Epoch: 97 cost time: 2.106949806213379
Epoch: 97, Steps: 64 | Train Loss: 0.5060269 Vali Loss: 1.2573447 Test Loss: 0.6626531
EarlyStopping counter: 85 out of 100
Updating learning rate to 4.997995805289306e-09
Epoch: 98 cost time: 2.17189359664917
Epoch: 98, Steps: 64 | Train Loss: 0.5061759 Vali Loss: 1.2563778 Test Loss: 0.6626505
EarlyStopping counter: 86 out of 100
Updating learning rate to 4.498196224760375e-09
Epoch: 99 cost time: 1.952864408493042
Epoch: 99, Steps: 64 | Train Loss: 0.5068457 Vali Loss: 1.2576774 Test Loss: 0.6626533
EarlyStopping counter: 87 out of 100
Updating learning rate to 4.048376602284338e-09
Epoch: 100 cost time: 2.1607472896575928
Epoch: 100, Steps: 64 | Train Loss: 0.5066590 Vali Loss: 1.2527813 Test Loss: 0.6626529
EarlyStopping counter: 88 out of 100
Updating learning rate to 3.643538942055904e-09
>>>>>>>testing : 336_96_Autoformer_ETTh1_ftM_sl336_ll48_pl96_dm16_nh4_el3_dl1_df128_fc1_ebtimeF_dtTrue_Exp_0<<<<<<<<<<<<<<<<<<<<<<<<<<<<<<<<<
test 2785
mse:0.6785566806793213, mae:0.5553686022758484, rse:0.7811033725738525
