Args in experiment:
Namespace(random_seed=2021, is_training=1, model_id='336_96', model='DLinear', data='ETTh1', root_path='./data/ETT/', data_path='ETTh1.csv', features='M', target='OT', freq='h', checkpoints='./checkpoints/', seq_len=336, label_len=48, pred_len=96, fc_dropout=0.3, head_dropout=0.0, patch_len=16, stride=8, padding_patch='end', revin=1, affine=0, subtract_last=0, decomposition=0, kernel_size=25, individual=0, embed_type=0, enc_in=7, dec_in=7, c_out=7, d_model=16, n_heads=4, e_layers=3, d_layers=1, d_ff=128, moving_avg=25, factor=1, distil=True, dropout=0.3, embed='timeF', activation='gelu', output_attention=False, do_predict=False, num_workers=10, itr=1, train_epochs=100, batch_size=128, patience=100, learning_rate=0.0001, des='Exp', loss='mse', lradj='type3', pct_start=0.3, use_amp=False, use_gpu=True, gpu=0, use_multi_gpu=False, devices='0,1,2,3', test_flop=False)
Use GPU: cuda:0
>>>>>>>start training : 336_96_DLinear_ETTh1_ftM_sl336_ll48_pl96_dm16_nh4_el3_dl1_df128_fc1_ebtimeF_dtTrue_Exp_0>>>>>>>>>>>>>>>>>>>>>>>>>>
train 8209
val 2785
test 2785
Epoch: 1 cost time: 0.7518138885498047
Epoch: 1, Steps: 64 | Train Loss: 1.2710425 Vali Loss: 1.8919709 Test Loss: 1.3497844
Validation loss decreased (inf --> 1.891971).  Saving model ...
Updating learning rate to 0.0001
Epoch: 2 cost time: 0.42944788932800293
Epoch: 2, Steps: 64 | Train Loss: 0.7164151 Vali Loss: 1.1236541 Test Loss: 0.5708924
Validation loss decreased (1.891971 --> 1.123654).  Saving model ...
Updating learning rate to 0.0001
Epoch: 3 cost time: 0.47583508491516113
Epoch: 3, Steps: 64 | Train Loss: 0.4925177 Vali Loss: 0.9697617 Test Loss: 0.4998881
Validation loss decreased (1.123654 --> 0.969762).  Saving model ...
Updating learning rate to 0.0001
Epoch: 4 cost time: 0.4313697814941406
Epoch: 4, Steps: 64 | Train Loss: 0.4527775 Vali Loss: 0.9006999 Test Loss: 0.4690142
Validation loss decreased (0.969762 --> 0.900700).  Saving model ...
Updating learning rate to 9e-05
Epoch: 5 cost time: 0.53499436378479
Epoch: 5, Steps: 64 | Train Loss: 0.4318303 Vali Loss: 0.8547155 Test Loss: 0.4520548
Validation loss decreased (0.900700 --> 0.854715).  Saving model ...
Updating learning rate to 8.1e-05
Epoch: 6 cost time: 0.4637012481689453
Epoch: 6, Steps: 64 | Train Loss: 0.4176621 Vali Loss: 0.8315930 Test Loss: 0.4400975
Validation loss decreased (0.854715 --> 0.831593).  Saving model ...
Updating learning rate to 7.290000000000001e-05
Epoch: 7 cost time: 0.43347907066345215
Epoch: 7, Steps: 64 | Train Loss: 0.4069754 Vali Loss: 0.7996806 Test Loss: 0.4319194
Validation loss decreased (0.831593 --> 0.799681).  Saving model ...
Updating learning rate to 6.561e-05
Epoch: 8 cost time: 0.4161367416381836
Epoch: 8, Steps: 64 | Train Loss: 0.3995780 Vali Loss: 0.7884749 Test Loss: 0.4249466
Validation loss decreased (0.799681 --> 0.788475).  Saving model ...
Updating learning rate to 5.904900000000001e-05
Epoch: 9 cost time: 0.4795093536376953
Epoch: 9, Steps: 64 | Train Loss: 0.3932080 Vali Loss: 0.7736812 Test Loss: 0.4196087
Validation loss decreased (0.788475 --> 0.773681).  Saving model ...
Updating learning rate to 5.3144100000000005e-05
Epoch: 10 cost time: 0.726893424987793
Epoch: 10, Steps: 64 | Train Loss: 0.3884061 Vali Loss: 0.7628381 Test Loss: 0.4152588
Validation loss decreased (0.773681 --> 0.762838).  Saving model ...
Updating learning rate to 4.782969000000001e-05
Epoch: 11 cost time: 0.658052921295166
Epoch: 11, Steps: 64 | Train Loss: 0.3842712 Vali Loss: 0.7503753 Test Loss: 0.4118485
Validation loss decreased (0.762838 --> 0.750375).  Saving model ...
Updating learning rate to 4.304672100000001e-05
Epoch: 12 cost time: 0.7825918197631836
Epoch: 12, Steps: 64 | Train Loss: 0.3809842 Vali Loss: 0.7491264 Test Loss: 0.4089918
Validation loss decreased (0.750375 --> 0.749126).  Saving model ...
Updating learning rate to 3.874204890000001e-05
Epoch: 13 cost time: 0.49038243293762207
Epoch: 13, Steps: 64 | Train Loss: 0.3781696 Vali Loss: 0.7445776 Test Loss: 0.4064413
Validation loss decreased (0.749126 --> 0.744578).  Saving model ...
Updating learning rate to 3.486784401000001e-05
Epoch: 14 cost time: 0.6073927879333496
Epoch: 14, Steps: 64 | Train Loss: 0.3758672 Vali Loss: 0.7376279 Test Loss: 0.4043767
Validation loss decreased (0.744578 --> 0.737628).  Saving model ...
Updating learning rate to 3.138105960900001e-05
Epoch: 15 cost time: 0.7202820777893066
Epoch: 15, Steps: 64 | Train Loss: 0.3739050 Vali Loss: 0.7317158 Test Loss: 0.4027689
Validation loss decreased (0.737628 --> 0.731716).  Saving model ...
Updating learning rate to 2.824295364810001e-05
Epoch: 16 cost time: 0.7553079128265381
Epoch: 16, Steps: 64 | Train Loss: 0.3718928 Vali Loss: 0.7328755 Test Loss: 0.4011379
EarlyStopping counter: 1 out of 100
Updating learning rate to 2.541865828329001e-05
Epoch: 17 cost time: 0.8746359348297119
Epoch: 17, Steps: 64 | Train Loss: 0.3706801 Vali Loss: 0.7263719 Test Loss: 0.3999167
Validation loss decreased (0.731716 --> 0.726372).  Saving model ...
Updating learning rate to 2.287679245496101e-05
Epoch: 18 cost time: 0.770484209060669
Epoch: 18, Steps: 64 | Train Loss: 0.3691313 Vali Loss: 0.7257011 Test Loss: 0.3987357
Validation loss decreased (0.726372 --> 0.725701).  Saving model ...
Updating learning rate to 2.0589113209464907e-05
Epoch: 19 cost time: 0.5752034187316895
Epoch: 19, Steps: 64 | Train Loss: 0.3681913 Vali Loss: 0.7220696 Test Loss: 0.3977195
Validation loss decreased (0.725701 --> 0.722070).  Saving model ...
Updating learning rate to 1.8530201888518416e-05
Epoch: 20 cost time: 0.6235067844390869
Epoch: 20, Steps: 64 | Train Loss: 0.3668143 Vali Loss: 0.7198511 Test Loss: 0.3968682
Validation loss decreased (0.722070 --> 0.719851).  Saving model ...
Updating learning rate to 1.6677181699666577e-05
Epoch: 21 cost time: 0.6624555587768555
Epoch: 21, Steps: 64 | Train Loss: 0.3661711 Vali Loss: 0.7180356 Test Loss: 0.3961098
Validation loss decreased (0.719851 --> 0.718036).  Saving model ...
Updating learning rate to 1.5009463529699919e-05
Epoch: 22 cost time: 0.6491196155548096
Epoch: 22, Steps: 64 | Train Loss: 0.3652384 Vali Loss: 0.7188088 Test Loss: 0.3954566
EarlyStopping counter: 1 out of 100
Updating learning rate to 1.3508517176729929e-05
Epoch: 23 cost time: 0.7020814418792725
Epoch: 23, Steps: 64 | Train Loss: 0.3645307 Vali Loss: 0.7145253 Test Loss: 0.3948050
Validation loss decreased (0.718036 --> 0.714525).  Saving model ...
Updating learning rate to 1.2157665459056936e-05
Epoch: 24 cost time: 0.6990368366241455
Epoch: 24, Steps: 64 | Train Loss: 0.3641942 Vali Loss: 0.7123981 Test Loss: 0.3943992
Validation loss decreased (0.714525 --> 0.712398).  Saving model ...
Updating learning rate to 1.0941898913151242e-05
Epoch: 25 cost time: 0.6364402770996094
Epoch: 25, Steps: 64 | Train Loss: 0.3635267 Vali Loss: 0.7123283 Test Loss: 0.3938470
Validation loss decreased (0.712398 --> 0.712328).  Saving model ...
Updating learning rate to 9.847709021836118e-06
Epoch: 26 cost time: 0.4337015151977539
Epoch: 26, Steps: 64 | Train Loss: 0.3632052 Vali Loss: 0.7117040 Test Loss: 0.3934791
Validation loss decreased (0.712328 --> 0.711704).  Saving model ...
Updating learning rate to 8.862938119652508e-06
Epoch: 27 cost time: 0.7933881282806396
Epoch: 27, Steps: 64 | Train Loss: 0.3625618 Vali Loss: 0.7076719 Test Loss: 0.3931130
Validation loss decreased (0.711704 --> 0.707672).  Saving model ...
Updating learning rate to 7.976644307687255e-06
Epoch: 28 cost time: 0.7192461490631104
Epoch: 28, Steps: 64 | Train Loss: 0.3621464 Vali Loss: 0.7082523 Test Loss: 0.3927166
EarlyStopping counter: 1 out of 100
Updating learning rate to 7.178979876918531e-06
Epoch: 29 cost time: 0.7576324939727783
Epoch: 29, Steps: 64 | Train Loss: 0.3618495 Vali Loss: 0.7075473 Test Loss: 0.3924314
Validation loss decreased (0.707672 --> 0.707547).  Saving model ...
Updating learning rate to 6.4610818892266776e-06
Epoch: 30 cost time: 0.6660423278808594
Epoch: 30, Steps: 64 | Train Loss: 0.3614936 Vali Loss: 0.7081925 Test Loss: 0.3922114
EarlyStopping counter: 1 out of 100
Updating learning rate to 5.8149737003040096e-06
Epoch: 31 cost time: 0.7782723903656006
Epoch: 31, Steps: 64 | Train Loss: 0.3613470 Vali Loss: 0.7036191 Test Loss: 0.3919381
Validation loss decreased (0.707547 --> 0.703619).  Saving model ...
Updating learning rate to 5.23347633027361e-06
Epoch: 32 cost time: 0.7769875526428223
Epoch: 32, Steps: 64 | Train Loss: 0.3610740 Vali Loss: 0.7074659 Test Loss: 0.3917442
EarlyStopping counter: 1 out of 100
Updating learning rate to 4.710128697246249e-06
Epoch: 33 cost time: 0.6402721405029297
Epoch: 33, Steps: 64 | Train Loss: 0.3607793 Vali Loss: 0.7027599 Test Loss: 0.3915610
Validation loss decreased (0.703619 --> 0.702760).  Saving model ...
Updating learning rate to 4.239115827521624e-06
Epoch: 34 cost time: 0.7032527923583984
Epoch: 34, Steps: 64 | Train Loss: 0.3605665 Vali Loss: 0.7047702 Test Loss: 0.3913436
EarlyStopping counter: 1 out of 100
Updating learning rate to 3.815204244769462e-06
Epoch: 35 cost time: 0.6829195022583008
Epoch: 35, Steps: 64 | Train Loss: 0.3603457 Vali Loss: 0.7068149 Test Loss: 0.3911877
EarlyStopping counter: 2 out of 100
Updating learning rate to 3.4336838202925152e-06
Epoch: 36 cost time: 0.85518479347229
Epoch: 36, Steps: 64 | Train Loss: 0.3599633 Vali Loss: 0.7077359 Test Loss: 0.3910913
EarlyStopping counter: 3 out of 100
Updating learning rate to 3.090315438263264e-06
Epoch: 37 cost time: 0.6339240074157715
Epoch: 37, Steps: 64 | Train Loss: 0.3601051 Vali Loss: 0.7024232 Test Loss: 0.3909150
Validation loss decreased (0.702760 --> 0.702423).  Saving model ...
Updating learning rate to 2.7812838944369375e-06
Epoch: 38 cost time: 0.7778334617614746
Epoch: 38, Steps: 64 | Train Loss: 0.3596626 Vali Loss: 0.7037292 Test Loss: 0.3908170
EarlyStopping counter: 1 out of 100
Updating learning rate to 2.503155504993244e-06
Epoch: 39 cost time: 0.7402694225311279
Epoch: 39, Steps: 64 | Train Loss: 0.3596501 Vali Loss: 0.7055585 Test Loss: 0.3907015
EarlyStopping counter: 2 out of 100
Updating learning rate to 2.2528399544939195e-06
Epoch: 40 cost time: 0.6662161350250244
Epoch: 40, Steps: 64 | Train Loss: 0.3595223 Vali Loss: 0.7061065 Test Loss: 0.3906038
EarlyStopping counter: 3 out of 100
Updating learning rate to 2.0275559590445276e-06
Epoch: 41 cost time: 0.7158684730529785
Epoch: 41, Steps: 64 | Train Loss: 0.3595216 Vali Loss: 0.7026870 Test Loss: 0.3905277
EarlyStopping counter: 4 out of 100
Updating learning rate to 1.8248003631400751e-06
Epoch: 42 cost time: 0.7590341567993164
Epoch: 42, Steps: 64 | Train Loss: 0.3593943 Vali Loss: 0.7046146 Test Loss: 0.3904466
EarlyStopping counter: 5 out of 100
Updating learning rate to 1.6423203268260676e-06
Epoch: 43 cost time: 0.7382378578186035
Epoch: 43, Steps: 64 | Train Loss: 0.3592995 Vali Loss: 0.7042178 Test Loss: 0.3903930
EarlyStopping counter: 6 out of 100
Updating learning rate to 1.4780882941434609e-06
Epoch: 44 cost time: 0.6508116722106934
Epoch: 44, Steps: 64 | Train Loss: 0.3593234 Vali Loss: 0.7040879 Test Loss: 0.3903535
EarlyStopping counter: 7 out of 100
Updating learning rate to 1.3302794647291146e-06
Epoch: 45 cost time: 0.7533102035522461
Epoch: 45, Steps: 64 | Train Loss: 0.3590529 Vali Loss: 0.7020773 Test Loss: 0.3902622
Validation loss decreased (0.702423 --> 0.702077).  Saving model ...
Updating learning rate to 1.1972515182562034e-06
Epoch: 46 cost time: 0.9235339164733887
Epoch: 46, Steps: 64 | Train Loss: 0.3589964 Vali Loss: 0.7010518 Test Loss: 0.3902208
Validation loss decreased (0.702077 --> 0.701052).  Saving model ...
Updating learning rate to 1.077526366430583e-06
Epoch: 47 cost time: 0.7230594158172607
Epoch: 47, Steps: 64 | Train Loss: 0.3589811 Vali Loss: 0.7036431 Test Loss: 0.3901895
EarlyStopping counter: 1 out of 100
Updating learning rate to 9.697737297875248e-07
Epoch: 48 cost time: 0.5674028396606445
Epoch: 48, Steps: 64 | Train Loss: 0.3588845 Vali Loss: 0.7029049 Test Loss: 0.3901294
EarlyStopping counter: 2 out of 100
Updating learning rate to 8.727963568087723e-07
Epoch: 49 cost time: 0.4228191375732422
Epoch: 49, Steps: 64 | Train Loss: 0.3586020 Vali Loss: 0.7055846 Test Loss: 0.3900934
EarlyStopping counter: 3 out of 100
Updating learning rate to 7.855167211278951e-07
Epoch: 50 cost time: 0.42731785774230957
Epoch: 50, Steps: 64 | Train Loss: 0.3587630 Vali Loss: 0.6998016 Test Loss: 0.3900517
Validation loss decreased (0.701052 --> 0.699802).  Saving model ...
Updating learning rate to 7.069650490151056e-07
Epoch: 51 cost time: 0.42362546920776367
Epoch: 51, Steps: 64 | Train Loss: 0.3587707 Vali Loss: 0.7002445 Test Loss: 0.3900229
EarlyStopping counter: 1 out of 100
Updating learning rate to 6.36268544113595e-07
Epoch: 52 cost time: 0.5021882057189941
Epoch: 52, Steps: 64 | Train Loss: 0.3585254 Vali Loss: 0.7042204 Test Loss: 0.3899900
EarlyStopping counter: 2 out of 100
Updating learning rate to 5.726416897022355e-07
Epoch: 53 cost time: 0.42640161514282227
Epoch: 53, Steps: 64 | Train Loss: 0.3587592 Vali Loss: 0.7027680 Test Loss: 0.3899616
EarlyStopping counter: 3 out of 100
Updating learning rate to 5.15377520732012e-07
Epoch: 54 cost time: 0.4372525215148926
Epoch: 54, Steps: 64 | Train Loss: 0.3587939 Vali Loss: 0.7041402 Test Loss: 0.3899512
EarlyStopping counter: 4 out of 100
Updating learning rate to 4.6383976865881085e-07
Epoch: 55 cost time: 0.4787559509277344
Epoch: 55, Steps: 64 | Train Loss: 0.3585634 Vali Loss: 0.7002175 Test Loss: 0.3899328
EarlyStopping counter: 5 out of 100
Updating learning rate to 4.174557917929298e-07
Epoch: 56 cost time: 0.40376996994018555
Epoch: 56, Steps: 64 | Train Loss: 0.3587109 Vali Loss: 0.7026968 Test Loss: 0.3899141
EarlyStopping counter: 6 out of 100
Updating learning rate to 3.7571021261363677e-07
Epoch: 57 cost time: 0.44000911712646484
Epoch: 57, Steps: 64 | Train Loss: 0.3586498 Vali Loss: 0.7046584 Test Loss: 0.3898973
EarlyStopping counter: 7 out of 100
Updating learning rate to 3.381391913522731e-07
Epoch: 58 cost time: 0.4445812702178955
Epoch: 58, Steps: 64 | Train Loss: 0.3585651 Vali Loss: 0.7023488 Test Loss: 0.3898771
EarlyStopping counter: 8 out of 100
Updating learning rate to 3.043252722170458e-07
Epoch: 59 cost time: 0.45169973373413086
Epoch: 59, Steps: 64 | Train Loss: 0.3585357 Vali Loss: 0.7025710 Test Loss: 0.3898602
EarlyStopping counter: 9 out of 100
Updating learning rate to 2.7389274499534124e-07
Epoch: 60 cost time: 0.4309382438659668
Epoch: 60, Steps: 64 | Train Loss: 0.3587001 Vali Loss: 0.7012283 Test Loss: 0.3898493
EarlyStopping counter: 10 out of 100
Updating learning rate to 2.465034704958071e-07
Epoch: 61 cost time: 0.4284687042236328
Epoch: 61, Steps: 64 | Train Loss: 0.3585888 Vali Loss: 0.7005764 Test Loss: 0.3898367
EarlyStopping counter: 11 out of 100
Updating learning rate to 2.218531234462264e-07
Epoch: 62 cost time: 0.8164713382720947
Epoch: 62, Steps: 64 | Train Loss: 0.3585531 Vali Loss: 0.7018816 Test Loss: 0.3898282
EarlyStopping counter: 12 out of 100
Updating learning rate to 1.9966781110160376e-07
Epoch: 63 cost time: 0.6681594848632812
Epoch: 63, Steps: 64 | Train Loss: 0.3585425 Vali Loss: 0.7002776 Test Loss: 0.3898158
EarlyStopping counter: 13 out of 100
Updating learning rate to 1.797010299914434e-07
Epoch: 64 cost time: 0.6424064636230469
Epoch: 64, Steps: 64 | Train Loss: 0.3584948 Vali Loss: 0.7004918 Test Loss: 0.3898099
EarlyStopping counter: 14 out of 100
Updating learning rate to 1.6173092699229907e-07
Epoch: 65 cost time: 0.730313777923584
Epoch: 65, Steps: 64 | Train Loss: 0.3583824 Vali Loss: 0.7022008 Test Loss: 0.3898063
EarlyStopping counter: 15 out of 100
Updating learning rate to 1.4555783429306916e-07
Epoch: 66 cost time: 0.7767565250396729
Epoch: 66, Steps: 64 | Train Loss: 0.3585948 Vali Loss: 0.7018418 Test Loss: 0.3897961
EarlyStopping counter: 16 out of 100
Updating learning rate to 1.3100205086376224e-07
Epoch: 67 cost time: 0.7696235179901123
Epoch: 67, Steps: 64 | Train Loss: 0.3584961 Vali Loss: 0.7022972 Test Loss: 0.3897913
EarlyStopping counter: 17 out of 100
Updating learning rate to 1.1790184577738603e-07
Epoch: 68 cost time: 0.68965744972229
Epoch: 68, Steps: 64 | Train Loss: 0.3584323 Vali Loss: 0.7009577 Test Loss: 0.3897850
EarlyStopping counter: 18 out of 100
Updating learning rate to 1.0611166119964742e-07
Epoch: 69 cost time: 0.7257754802703857
Epoch: 69, Steps: 64 | Train Loss: 0.3584189 Vali Loss: 0.6997048 Test Loss: 0.3897818
Validation loss decreased (0.699802 --> 0.699705).  Saving model ...
Updating learning rate to 9.550049507968268e-08
Epoch: 70 cost time: 0.6762220859527588
Epoch: 70, Steps: 64 | Train Loss: 0.3586352 Vali Loss: 0.7017981 Test Loss: 0.3897775
EarlyStopping counter: 1 out of 100
Updating learning rate to 8.595044557171442e-08
Epoch: 71 cost time: 0.7460427284240723
Epoch: 71, Steps: 64 | Train Loss: 0.3583736 Vali Loss: 0.7005315 Test Loss: 0.3897727
EarlyStopping counter: 2 out of 100
Updating learning rate to 7.735540101454298e-08
Epoch: 72 cost time: 0.4056968688964844
Epoch: 72, Steps: 64 | Train Loss: 0.3585331 Vali Loss: 0.6996365 Test Loss: 0.3897668
Validation loss decreased (0.699705 --> 0.699637).  Saving model ...
Updating learning rate to 6.961986091308869e-08
Epoch: 73 cost time: 0.6965386867523193
Epoch: 73, Steps: 64 | Train Loss: 0.3584330 Vali Loss: 0.6973187 Test Loss: 0.3897637
Validation loss decreased (0.699637 --> 0.697319).  Saving model ...
Updating learning rate to 6.265787482177981e-08
Epoch: 74 cost time: 0.6870317459106445
Epoch: 74, Steps: 64 | Train Loss: 0.3584818 Vali Loss: 0.7003335 Test Loss: 0.3897613
EarlyStopping counter: 1 out of 100
Updating learning rate to 5.639208733960184e-08
Epoch: 75 cost time: 0.673579216003418
Epoch: 75, Steps: 64 | Train Loss: 0.3584317 Vali Loss: 0.7001117 Test Loss: 0.3897572
EarlyStopping counter: 2 out of 100
Updating learning rate to 5.075287860564165e-08
Epoch: 76 cost time: 0.7771258354187012
Epoch: 76, Steps: 64 | Train Loss: 0.3585402 Vali Loss: 0.7032042 Test Loss: 0.3897571
EarlyStopping counter: 3 out of 100
Updating learning rate to 4.567759074507749e-08
Epoch: 77 cost time: 0.7408919334411621
Epoch: 77, Steps: 64 | Train Loss: 0.3586257 Vali Loss: 0.7003879 Test Loss: 0.3897537
EarlyStopping counter: 4 out of 100
Updating learning rate to 4.1109831670569744e-08
Epoch: 78 cost time: 0.6664202213287354
Epoch: 78, Steps: 64 | Train Loss: 0.3583631 Vali Loss: 0.7023055 Test Loss: 0.3897516
EarlyStopping counter: 5 out of 100
Updating learning rate to 3.6998848503512764e-08
Epoch: 79 cost time: 0.7607345581054688
Epoch: 79, Steps: 64 | Train Loss: 0.3584756 Vali Loss: 0.6993991 Test Loss: 0.3897509
EarlyStopping counter: 6 out of 100
Updating learning rate to 3.3298963653161496e-08
Epoch: 80 cost time: 0.7918405532836914
Epoch: 80, Steps: 64 | Train Loss: 0.3585377 Vali Loss: 0.7011849 Test Loss: 0.3897481
EarlyStopping counter: 7 out of 100
Updating learning rate to 2.996906728784534e-08
Epoch: 81 cost time: 0.7561113834381104
Epoch: 81, Steps: 64 | Train Loss: 0.3584636 Vali Loss: 0.6996382 Test Loss: 0.3897466
EarlyStopping counter: 8 out of 100
Updating learning rate to 2.697216055906081e-08
Epoch: 82 cost time: 0.7638394832611084
Epoch: 82, Steps: 64 | Train Loss: 0.3583096 Vali Loss: 0.7009329 Test Loss: 0.3897455
EarlyStopping counter: 9 out of 100
Updating learning rate to 2.427494450315473e-08
Epoch: 83 cost time: 0.6573841571807861
Epoch: 83, Steps: 64 | Train Loss: 0.3584540 Vali Loss: 0.6998593 Test Loss: 0.3897448
EarlyStopping counter: 10 out of 100
Updating learning rate to 2.1847450052839257e-08
Epoch: 84 cost time: 0.7258820533752441
Epoch: 84, Steps: 64 | Train Loss: 0.3584890 Vali Loss: 0.6991548 Test Loss: 0.3897433
EarlyStopping counter: 11 out of 100
Updating learning rate to 1.9662705047555332e-08
Epoch: 85 cost time: 0.6857056617736816
Epoch: 85, Steps: 64 | Train Loss: 0.3582924 Vali Loss: 0.7006211 Test Loss: 0.3897422
EarlyStopping counter: 12 out of 100
Updating learning rate to 1.7696434542799797e-08
Epoch: 86 cost time: 0.6903724670410156
Epoch: 86, Steps: 64 | Train Loss: 0.3584686 Vali Loss: 0.7024146 Test Loss: 0.3897418
EarlyStopping counter: 13 out of 100
Updating learning rate to 1.5926791088519817e-08
Epoch: 87 cost time: 0.7953231334686279
Epoch: 87, Steps: 64 | Train Loss: 0.3584602 Vali Loss: 0.7004594 Test Loss: 0.3897407
EarlyStopping counter: 14 out of 100
Updating learning rate to 1.4334111979667836e-08
Epoch: 88 cost time: 0.7759244441986084
Epoch: 88, Steps: 64 | Train Loss: 0.3584555 Vali Loss: 0.7016101 Test Loss: 0.3897400
EarlyStopping counter: 15 out of 100
Updating learning rate to 1.2900700781701054e-08
Epoch: 89 cost time: 0.7249505519866943
Epoch: 89, Steps: 64 | Train Loss: 0.3585829 Vali Loss: 0.7022896 Test Loss: 0.3897393
EarlyStopping counter: 16 out of 100
Updating learning rate to 1.161063070353095e-08
Epoch: 90 cost time: 0.6921365261077881
Epoch: 90, Steps: 64 | Train Loss: 0.3585126 Vali Loss: 0.7037388 Test Loss: 0.3897386
EarlyStopping counter: 17 out of 100
Updating learning rate to 1.0449567633177854e-08
Epoch: 91 cost time: 0.6192605495452881
Epoch: 91, Steps: 64 | Train Loss: 0.3584220 Vali Loss: 0.7025404 Test Loss: 0.3897383
EarlyStopping counter: 18 out of 100
Updating learning rate to 9.404610869860069e-09
Epoch: 92 cost time: 0.6300806999206543
Epoch: 92, Steps: 64 | Train Loss: 0.3585055 Vali Loss: 0.7013199 Test Loss: 0.3897378
EarlyStopping counter: 19 out of 100
Updating learning rate to 8.464149782874063e-09
Epoch: 93 cost time: 0.682060718536377
Epoch: 93, Steps: 64 | Train Loss: 0.3582834 Vali Loss: 0.7017926 Test Loss: 0.3897373
EarlyStopping counter: 20 out of 100
Updating learning rate to 7.617734804586658e-09
Epoch: 94 cost time: 0.7505936622619629
Epoch: 94, Steps: 64 | Train Loss: 0.3584669 Vali Loss: 0.7013894 Test Loss: 0.3897370
EarlyStopping counter: 21 out of 100
Updating learning rate to 6.855961324127991e-09
Epoch: 95 cost time: 0.721566915512085
Epoch: 95, Steps: 64 | Train Loss: 0.3585321 Vali Loss: 0.7019911 Test Loss: 0.3897367
EarlyStopping counter: 22 out of 100
Updating learning rate to 6.170365191715193e-09
Epoch: 96 cost time: 0.846665620803833
Epoch: 96, Steps: 64 | Train Loss: 0.3582886 Vali Loss: 0.6992791 Test Loss: 0.3897365
EarlyStopping counter: 23 out of 100
Updating learning rate to 5.5533286725436726e-09
Epoch: 97 cost time: 0.4431452751159668
Epoch: 97, Steps: 64 | Train Loss: 0.3582584 Vali Loss: 0.7005301 Test Loss: 0.3897362
EarlyStopping counter: 24 out of 100
Updating learning rate to 4.997995805289306e-09
Epoch: 98 cost time: 0.43918776512145996
Epoch: 98, Steps: 64 | Train Loss: 0.3584693 Vali Loss: 0.6999202 Test Loss: 0.3897358
EarlyStopping counter: 25 out of 100
Updating learning rate to 4.498196224760375e-09
Epoch: 99 cost time: 0.4733588695526123
Epoch: 99, Steps: 64 | Train Loss: 0.3582270 Vali Loss: 0.6970612 Test Loss: 0.3897357
Validation loss decreased (0.697319 --> 0.697061).  Saving model ...
Updating learning rate to 4.048376602284338e-09
Epoch: 100 cost time: 0.4308474063873291
Epoch: 100, Steps: 64 | Train Loss: 0.3583153 Vali Loss: 0.7044123 Test Loss: 0.3897355
EarlyStopping counter: 1 out of 100
Updating learning rate to 3.643538942055904e-09
>>>>>>>testing : 336_96_DLinear_ETTh1_ftM_sl336_ll48_pl96_dm16_nh4_el3_dl1_df128_fc1_ebtimeF_dtTrue_Exp_0<<<<<<<<<<<<<<<<<<<<<<<<<<<<<<<<<
test 2785
mse:0.389735609292984, mae:0.4128091037273407, rse:0.5919710397720337
