Args in experiment:
Namespace(random_seed=2021, is_training=1, model_id='336_96', model='PatchTST', data='ETTh1', root_path='./data/ETT/', data_path='ETTh1.csv', features='M', target='OT', freq='h', checkpoints='./checkpoints/', seq_len=336, label_len=48, pred_len=96, fc_dropout=0.3, head_dropout=0.0, patch_len=16, stride=8, padding_patch='end', revin=1, affine=0, subtract_last=0, decomposition=0, kernel_size=25, individual=0, embed_type=0, enc_in=7, dec_in=7, c_out=7, d_model=16, n_heads=4, e_layers=3, d_layers=1, d_ff=128, moving_avg=25, factor=1, distil=True, dropout=0.3, embed='timeF', activation='gelu', output_attention=False, do_predict=False, num_workers=10, itr=1, train_epochs=100, batch_size=128, patience=100, learning_rate=0.0001, des='Exp', loss='mse', lradj='type3', pct_start=0.3, use_amp=False, use_gpu=True, gpu=0, use_multi_gpu=False, devices='0,1,2,3', test_flop=False)
Use GPU: cuda:0
>>>>>>>start training : 336_96_PatchTST_ETTh1_ftM_sl336_ll48_pl96_dm16_nh4_el3_dl1_df128_fc1_ebtimeF_dtTrue_Exp_0>>>>>>>>>>>>>>>>>>>>>>>>>>
train 8209
val 2785
test 2785
Epoch: 1 cost time: 1.609649419784546
Epoch: 1, Steps: 64 | Train Loss: 0.7412636 Vali Loss: 1.4724004 Test Loss: 0.8136340
Validation loss decreased (inf --> 1.472400).  Saving model ...
Updating learning rate to 0.0001
Epoch: 2 cost time: 1.106597661972046
Epoch: 2, Steps: 64 | Train Loss: 0.5742396 Vali Loss: 0.8938369 Test Loss: 0.4752541
Validation loss decreased (1.472400 --> 0.893837).  Saving model ...
Updating learning rate to 0.0001
Epoch: 3 cost time: 1.1498398780822754
Epoch: 3, Steps: 64 | Train Loss: 0.4587879 Vali Loss: 0.7679523 Test Loss: 0.4293252
Validation loss decreased (0.893837 --> 0.767952).  Saving model ...
Updating learning rate to 0.0001
Epoch: 4 cost time: 1.495039701461792
Epoch: 4, Steps: 64 | Train Loss: 0.4209212 Vali Loss: 0.7260776 Test Loss: 0.4126663
Validation loss decreased (0.767952 --> 0.726078).  Saving model ...
Updating learning rate to 9e-05
Epoch: 5 cost time: 1.7165114879608154
Epoch: 5, Steps: 64 | Train Loss: 0.4010483 Vali Loss: 0.7075475 Test Loss: 0.4030162
Validation loss decreased (0.726078 --> 0.707547).  Saving model ...
Updating learning rate to 8.1e-05
Epoch: 6 cost time: 1.688408374786377
Epoch: 6, Steps: 64 | Train Loss: 0.3898949 Vali Loss: 0.6985933 Test Loss: 0.3964083
Validation loss decreased (0.707547 --> 0.698593).  Saving model ...
Updating learning rate to 7.290000000000001e-05
Epoch: 7 cost time: 1.520798683166504
Epoch: 7, Steps: 64 | Train Loss: 0.3827568 Vali Loss: 0.6931515 Test Loss: 0.3918047
Validation loss decreased (0.698593 --> 0.693152).  Saving model ...
Updating learning rate to 6.561e-05
Epoch: 8 cost time: 1.5431559085845947
Epoch: 8, Steps: 64 | Train Loss: 0.3784127 Vali Loss: 0.6900824 Test Loss: 0.3887087
Validation loss decreased (0.693152 --> 0.690082).  Saving model ...
Updating learning rate to 5.904900000000001e-05
Epoch: 9 cost time: 1.6331431865692139
Epoch: 9, Steps: 64 | Train Loss: 0.3751884 Vali Loss: 0.6898094 Test Loss: 0.3860095
Validation loss decreased (0.690082 --> 0.689809).  Saving model ...
Updating learning rate to 5.3144100000000005e-05
Epoch: 10 cost time: 1.6801507472991943
Epoch: 10, Steps: 64 | Train Loss: 0.3722041 Vali Loss: 0.6865262 Test Loss: 0.3842621
Validation loss decreased (0.689809 --> 0.686526).  Saving model ...
Updating learning rate to 4.782969000000001e-05
Epoch: 11 cost time: 1.7654433250427246
Epoch: 11, Steps: 64 | Train Loss: 0.3700860 Vali Loss: 0.6888486 Test Loss: 0.3829501
EarlyStopping counter: 1 out of 100
Updating learning rate to 4.304672100000001e-05
Epoch: 12 cost time: 1.3351447582244873
Epoch: 12, Steps: 64 | Train Loss: 0.3685381 Vali Loss: 0.6760483 Test Loss: 0.3815633
Validation loss decreased (0.686526 --> 0.676048).  Saving model ...
Updating learning rate to 3.874204890000001e-05
Epoch: 13 cost time: 1.6909682750701904
Epoch: 13, Steps: 64 | Train Loss: 0.3670567 Vali Loss: 0.6861237 Test Loss: 0.3805048
EarlyStopping counter: 1 out of 100
Updating learning rate to 3.486784401000001e-05
Epoch: 14 cost time: 1.6640057563781738
Epoch: 14, Steps: 64 | Train Loss: 0.3659227 Vali Loss: 0.6859294 Test Loss: 0.3799024
EarlyStopping counter: 2 out of 100
Updating learning rate to 3.138105960900001e-05
Epoch: 15 cost time: 1.620779275894165
Epoch: 15, Steps: 64 | Train Loss: 0.3652433 Vali Loss: 0.6826532 Test Loss: 0.3791203
EarlyStopping counter: 3 out of 100
Updating learning rate to 2.824295364810001e-05
Epoch: 16 cost time: 1.623457908630371
Epoch: 16, Steps: 64 | Train Loss: 0.3649012 Vali Loss: 0.6809380 Test Loss: 0.3787308
EarlyStopping counter: 4 out of 100
Updating learning rate to 2.541865828329001e-05
Epoch: 17 cost time: 1.421673059463501
Epoch: 17, Steps: 64 | Train Loss: 0.3638747 Vali Loss: 0.6838065 Test Loss: 0.3782829
EarlyStopping counter: 5 out of 100
Updating learning rate to 2.287679245496101e-05
Epoch: 18 cost time: 1.6066577434539795
Epoch: 18, Steps: 64 | Train Loss: 0.3629623 Vali Loss: 0.6788511 Test Loss: 0.3777944
EarlyStopping counter: 6 out of 100
Updating learning rate to 2.0589113209464907e-05
Epoch: 19 cost time: 1.5700881481170654
Epoch: 19, Steps: 64 | Train Loss: 0.3623845 Vali Loss: 0.6844581 Test Loss: 0.3774253
EarlyStopping counter: 7 out of 100
Updating learning rate to 1.8530201888518416e-05
Epoch: 20 cost time: 1.523787260055542
Epoch: 20, Steps: 64 | Train Loss: 0.3622357 Vali Loss: 0.6821949 Test Loss: 0.3771114
EarlyStopping counter: 8 out of 100
Updating learning rate to 1.6677181699666577e-05
Epoch: 21 cost time: 1.2571897506713867
Epoch: 21, Steps: 64 | Train Loss: 0.3617006 Vali Loss: 0.6862174 Test Loss: 0.3769246
EarlyStopping counter: 9 out of 100
Updating learning rate to 1.5009463529699919e-05
Epoch: 22 cost time: 1.0989313125610352
Epoch: 22, Steps: 64 | Train Loss: 0.3615073 Vali Loss: 0.6818748 Test Loss: 0.3766112
EarlyStopping counter: 10 out of 100
Updating learning rate to 1.3508517176729929e-05
Epoch: 23 cost time: 1.1872344017028809
Epoch: 23, Steps: 64 | Train Loss: 0.3609594 Vali Loss: 0.6825317 Test Loss: 0.3764378
EarlyStopping counter: 11 out of 100
Updating learning rate to 1.2157665459056936e-05
Epoch: 24 cost time: 1.105597972869873
Epoch: 24, Steps: 64 | Train Loss: 0.3603860 Vali Loss: 0.6829087 Test Loss: 0.3762839
EarlyStopping counter: 12 out of 100
Updating learning rate to 1.0941898913151242e-05
Epoch: 25 cost time: 1.1746258735656738
Epoch: 25, Steps: 64 | Train Loss: 0.3605749 Vali Loss: 0.6783055 Test Loss: 0.3761276
EarlyStopping counter: 13 out of 100
Updating learning rate to 9.847709021836118e-06
Epoch: 26 cost time: 1.0980448722839355
Epoch: 26, Steps: 64 | Train Loss: 0.3609515 Vali Loss: 0.6805398 Test Loss: 0.3760383
EarlyStopping counter: 14 out of 100
Updating learning rate to 8.862938119652508e-06
Epoch: 27 cost time: 1.2874608039855957
Epoch: 27, Steps: 64 | Train Loss: 0.3601932 Vali Loss: 0.6809493 Test Loss: 0.3759523
EarlyStopping counter: 15 out of 100
Updating learning rate to 7.976644307687255e-06
Epoch: 28 cost time: 1.649883508682251
Epoch: 28, Steps: 64 | Train Loss: 0.3599512 Vali Loss: 0.6786827 Test Loss: 0.3758242
EarlyStopping counter: 16 out of 100
Updating learning rate to 7.178979876918531e-06
Epoch: 29 cost time: 1.6106877326965332
Epoch: 29, Steps: 64 | Train Loss: 0.3599560 Vali Loss: 0.6826364 Test Loss: 0.3756919
EarlyStopping counter: 17 out of 100
Updating learning rate to 6.4610818892266776e-06
Epoch: 30 cost time: 1.6009340286254883
Epoch: 30, Steps: 64 | Train Loss: 0.3598445 Vali Loss: 0.6821643 Test Loss: 0.3756418
EarlyStopping counter: 18 out of 100
Updating learning rate to 5.8149737003040096e-06
Epoch: 31 cost time: 1.5193462371826172
Epoch: 31, Steps: 64 | Train Loss: 0.3591523 Vali Loss: 0.6781479 Test Loss: 0.3755790
EarlyStopping counter: 19 out of 100
Updating learning rate to 5.23347633027361e-06
Epoch: 32 cost time: 1.6809089183807373
Epoch: 32, Steps: 64 | Train Loss: 0.3595278 Vali Loss: 0.6796508 Test Loss: 0.3754921
EarlyStopping counter: 20 out of 100
Updating learning rate to 4.710128697246249e-06
Epoch: 33 cost time: 1.7633106708526611
Epoch: 33, Steps: 64 | Train Loss: 0.3589895 Vali Loss: 0.6817506 Test Loss: 0.3754388
EarlyStopping counter: 21 out of 100
Updating learning rate to 4.239115827521624e-06
Epoch: 34 cost time: 1.6010136604309082
Epoch: 34, Steps: 64 | Train Loss: 0.3593953 Vali Loss: 0.6784647 Test Loss: 0.3754771
EarlyStopping counter: 22 out of 100
Updating learning rate to 3.815204244769462e-06
Epoch: 35 cost time: 1.8855082988739014
Epoch: 35, Steps: 64 | Train Loss: 0.3592112 Vali Loss: 0.6817476 Test Loss: 0.3753770
EarlyStopping counter: 23 out of 100
Updating learning rate to 3.4336838202925152e-06
Epoch: 36 cost time: 1.54176664352417
Epoch: 36, Steps: 64 | Train Loss: 0.3587105 Vali Loss: 0.6797082 Test Loss: 0.3753085
EarlyStopping counter: 24 out of 100
Updating learning rate to 3.090315438263264e-06
Epoch: 37 cost time: 1.711712121963501
Epoch: 37, Steps: 64 | Train Loss: 0.3592853 Vali Loss: 0.6811726 Test Loss: 0.3752687
EarlyStopping counter: 25 out of 100
Updating learning rate to 2.7812838944369375e-06
Epoch: 38 cost time: 1.7027177810668945
Epoch: 38, Steps: 64 | Train Loss: 0.3589063 Vali Loss: 0.6773335 Test Loss: 0.3752251
EarlyStopping counter: 26 out of 100
Updating learning rate to 2.503155504993244e-06
Epoch: 39 cost time: 1.6434767246246338
Epoch: 39, Steps: 64 | Train Loss: 0.3588257 Vali Loss: 0.6810255 Test Loss: 0.3752680
EarlyStopping counter: 27 out of 100
Updating learning rate to 2.2528399544939195e-06
Epoch: 40 cost time: 1.6275019645690918
Epoch: 40, Steps: 64 | Train Loss: 0.3589075 Vali Loss: 0.6816550 Test Loss: 0.3751998
EarlyStopping counter: 28 out of 100
Updating learning rate to 2.0275559590445276e-06
Epoch: 41 cost time: 1.666222095489502
Epoch: 41, Steps: 64 | Train Loss: 0.3588527 Vali Loss: 0.6801942 Test Loss: 0.3751929
EarlyStopping counter: 29 out of 100
Updating learning rate to 1.8248003631400751e-06
Epoch: 42 cost time: 1.6428155899047852
Epoch: 42, Steps: 64 | Train Loss: 0.3588690 Vali Loss: 0.6790143 Test Loss: 0.3751252
EarlyStopping counter: 30 out of 100
Updating learning rate to 1.6423203268260676e-06
Epoch: 43 cost time: 1.6479780673980713
Epoch: 43, Steps: 64 | Train Loss: 0.3585682 Vali Loss: 0.6816812 Test Loss: 0.3751399
EarlyStopping counter: 31 out of 100
Updating learning rate to 1.4780882941434609e-06
Epoch: 44 cost time: 1.478865623474121
Epoch: 44, Steps: 64 | Train Loss: 0.3587824 Vali Loss: 0.6785749 Test Loss: 0.3751360
EarlyStopping counter: 32 out of 100
Updating learning rate to 1.3302794647291146e-06
Epoch: 45 cost time: 1.1110055446624756
Epoch: 45, Steps: 64 | Train Loss: 0.3586255 Vali Loss: 0.6818715 Test Loss: 0.3751194
EarlyStopping counter: 33 out of 100
Updating learning rate to 1.1972515182562034e-06
Epoch: 46 cost time: 1.2002520561218262
Epoch: 46, Steps: 64 | Train Loss: 0.3585643 Vali Loss: 0.6780850 Test Loss: 0.3751115
EarlyStopping counter: 34 out of 100
Updating learning rate to 1.077526366430583e-06
Epoch: 47 cost time: 1.1281397342681885
Epoch: 47, Steps: 64 | Train Loss: 0.3586025 Vali Loss: 0.6810147 Test Loss: 0.3750699
EarlyStopping counter: 35 out of 100
Updating learning rate to 9.697737297875248e-07
Epoch: 48 cost time: 1.1216239929199219
Epoch: 48, Steps: 64 | Train Loss: 0.3587872 Vali Loss: 0.6799921 Test Loss: 0.3750930
EarlyStopping counter: 36 out of 100
Updating learning rate to 8.727963568087723e-07
Epoch: 49 cost time: 1.103649377822876
Epoch: 49, Steps: 64 | Train Loss: 0.3582185 Vali Loss: 0.6810098 Test Loss: 0.3750394
EarlyStopping counter: 37 out of 100
Updating learning rate to 7.855167211278951e-07
Epoch: 50 cost time: 1.1060559749603271
Epoch: 50, Steps: 64 | Train Loss: 0.3587150 Vali Loss: 0.6757929 Test Loss: 0.3751207
Validation loss decreased (0.676048 --> 0.675793).  Saving model ...
Updating learning rate to 7.069650490151056e-07
Epoch: 51 cost time: 1.432553768157959
Epoch: 51, Steps: 64 | Train Loss: 0.3588657 Vali Loss: 0.6783222 Test Loss: 0.3750212
EarlyStopping counter: 1 out of 100
Updating learning rate to 6.36268544113595e-07
Epoch: 52 cost time: 1.6185581684112549
Epoch: 52, Steps: 64 | Train Loss: 0.3586078 Vali Loss: 0.6807841 Test Loss: 0.3750191
EarlyStopping counter: 2 out of 100
Updating learning rate to 5.726416897022355e-07
Epoch: 53 cost time: 1.6718900203704834
Epoch: 53, Steps: 64 | Train Loss: 0.3587031 Vali Loss: 0.6772687 Test Loss: 0.3750418
EarlyStopping counter: 3 out of 100
Updating learning rate to 5.15377520732012e-07
Epoch: 54 cost time: 1.6779241561889648
Epoch: 54, Steps: 64 | Train Loss: 0.3582624 Vali Loss: 0.6768065 Test Loss: 0.3750406
EarlyStopping counter: 4 out of 100
Updating learning rate to 4.6383976865881085e-07
Epoch: 55 cost time: 1.7041442394256592
Epoch: 55, Steps: 64 | Train Loss: 0.3587535 Vali Loss: 0.6824917 Test Loss: 0.3749892
EarlyStopping counter: 5 out of 100
Updating learning rate to 4.174557917929298e-07
Epoch: 56 cost time: 1.3192462921142578
Epoch: 56, Steps: 64 | Train Loss: 0.3587001 Vali Loss: 0.6782176 Test Loss: 0.3750370
EarlyStopping counter: 6 out of 100
Updating learning rate to 3.7571021261363677e-07
Epoch: 57 cost time: 1.676128625869751
Epoch: 57, Steps: 64 | Train Loss: 0.3588496 Vali Loss: 0.6772755 Test Loss: 0.3750170
EarlyStopping counter: 7 out of 100
Updating learning rate to 3.381391913522731e-07
Epoch: 58 cost time: 1.69405198097229
Epoch: 58, Steps: 64 | Train Loss: 0.3588366 Vali Loss: 0.6799690 Test Loss: 0.3749826
EarlyStopping counter: 8 out of 100
Updating learning rate to 3.043252722170458e-07
Epoch: 59 cost time: 1.645164966583252
Epoch: 59, Steps: 64 | Train Loss: 0.3585472 Vali Loss: 0.6805965 Test Loss: 0.3750170
EarlyStopping counter: 9 out of 100
Updating learning rate to 2.7389274499534124e-07
Epoch: 60 cost time: 1.6314852237701416
Epoch: 60, Steps: 64 | Train Loss: 0.3586439 Vali Loss: 0.6772094 Test Loss: 0.3749869
EarlyStopping counter: 10 out of 100
Updating learning rate to 2.465034704958071e-07
Epoch: 61 cost time: 1.376131296157837
Epoch: 61, Steps: 64 | Train Loss: 0.3582652 Vali Loss: 0.6821477 Test Loss: 0.3749579
EarlyStopping counter: 11 out of 100
Updating learning rate to 2.218531234462264e-07
Epoch: 62 cost time: 1.7261066436767578
Epoch: 62, Steps: 64 | Train Loss: 0.3585529 Vali Loss: 0.6800128 Test Loss: 0.3749425
EarlyStopping counter: 12 out of 100
Updating learning rate to 1.9966781110160376e-07
Epoch: 63 cost time: 1.750542163848877
Epoch: 63, Steps: 64 | Train Loss: 0.3588844 Vali Loss: 0.6813171 Test Loss: 0.3749579
EarlyStopping counter: 13 out of 100
Updating learning rate to 1.797010299914434e-07
Epoch: 64 cost time: 1.5558574199676514
Epoch: 64, Steps: 64 | Train Loss: 0.3582046 Vali Loss: 0.6786647 Test Loss: 0.3749737
EarlyStopping counter: 14 out of 100
Updating learning rate to 1.6173092699229907e-07
Epoch: 65 cost time: 1.6424596309661865
Epoch: 65, Steps: 64 | Train Loss: 0.3588071 Vali Loss: 0.6765231 Test Loss: 0.3749620
EarlyStopping counter: 15 out of 100
Updating learning rate to 1.4555783429306916e-07
Epoch: 66 cost time: 1.5965914726257324
Epoch: 66, Steps: 64 | Train Loss: 0.3586005 Vali Loss: 0.6786317 Test Loss: 0.3750352
EarlyStopping counter: 16 out of 100
Updating learning rate to 1.3100205086376224e-07
Epoch: 67 cost time: 1.6037869453430176
Epoch: 67, Steps: 64 | Train Loss: 0.3580152 Vali Loss: 0.6778833 Test Loss: 0.3749772
EarlyStopping counter: 17 out of 100
Updating learning rate to 1.1790184577738603e-07
Epoch: 68 cost time: 1.4106817245483398
Epoch: 68, Steps: 64 | Train Loss: 0.3581013 Vali Loss: 0.6813393 Test Loss: 0.3749781
EarlyStopping counter: 18 out of 100
Updating learning rate to 1.0611166119964742e-07
Epoch: 69 cost time: 1.183919906616211
Epoch: 69, Steps: 64 | Train Loss: 0.3584305 Vali Loss: 0.6822335 Test Loss: 0.3750058
EarlyStopping counter: 19 out of 100
Updating learning rate to 9.550049507968268e-08
Epoch: 70 cost time: 1.1425819396972656
Epoch: 70, Steps: 64 | Train Loss: 0.3581760 Vali Loss: 0.6810456 Test Loss: 0.3750273
EarlyStopping counter: 20 out of 100
Updating learning rate to 8.595044557171442e-08
Epoch: 71 cost time: 1.1747491359710693
Epoch: 71, Steps: 64 | Train Loss: 0.3585179 Vali Loss: 0.6825047 Test Loss: 0.3749934
EarlyStopping counter: 21 out of 100
Updating learning rate to 7.735540101454298e-08
Epoch: 72 cost time: 1.2141790390014648
Epoch: 72, Steps: 64 | Train Loss: 0.3586395 Vali Loss: 0.6809848 Test Loss: 0.3749649
EarlyStopping counter: 22 out of 100
Updating learning rate to 6.961986091308869e-08
Epoch: 73 cost time: 1.1517341136932373
Epoch: 73, Steps: 64 | Train Loss: 0.3584938 Vali Loss: 0.6819088 Test Loss: 0.3750156
EarlyStopping counter: 23 out of 100
Updating learning rate to 6.265787482177981e-08
Epoch: 74 cost time: 1.1751773357391357
Epoch: 74, Steps: 64 | Train Loss: 0.3586980 Vali Loss: 0.6815535 Test Loss: 0.3749869
EarlyStopping counter: 24 out of 100
Updating learning rate to 5.639208733960184e-08
Epoch: 75 cost time: 1.614278793334961
Epoch: 75, Steps: 64 | Train Loss: 0.3582452 Vali Loss: 0.6788082 Test Loss: 0.3749440
EarlyStopping counter: 25 out of 100
Updating learning rate to 5.075287860564165e-08
Epoch: 76 cost time: 1.723158836364746
Epoch: 76, Steps: 64 | Train Loss: 0.3582152 Vali Loss: 0.6805491 Test Loss: 0.3749752
EarlyStopping counter: 26 out of 100
Updating learning rate to 4.567759074507749e-08
Epoch: 77 cost time: 1.6133613586425781
Epoch: 77, Steps: 64 | Train Loss: 0.3587335 Vali Loss: 0.6784924 Test Loss: 0.3749750
EarlyStopping counter: 27 out of 100
Updating learning rate to 4.1109831670569744e-08
Epoch: 78 cost time: 1.4429829120635986
Epoch: 78, Steps: 64 | Train Loss: 0.3584390 Vali Loss: 0.6773670 Test Loss: 0.3749453
EarlyStopping counter: 28 out of 100
Updating learning rate to 3.6998848503512764e-08
Epoch: 79 cost time: 1.7122302055358887
Epoch: 79, Steps: 64 | Train Loss: 0.3585322 Vali Loss: 0.6798093 Test Loss: 0.3749221
EarlyStopping counter: 29 out of 100
Updating learning rate to 3.3298963653161496e-08
Epoch: 80 cost time: 1.7470014095306396
Epoch: 80, Steps: 64 | Train Loss: 0.3581711 Vali Loss: 0.6792952 Test Loss: 0.3749482
EarlyStopping counter: 30 out of 100
Updating learning rate to 2.996906728784534e-08
Epoch: 81 cost time: 1.6214277744293213
Epoch: 81, Steps: 64 | Train Loss: 0.3588587 Vali Loss: 0.6801415 Test Loss: 0.3749531
EarlyStopping counter: 31 out of 100
Updating learning rate to 2.697216055906081e-08
Epoch: 82 cost time: 1.6448495388031006
Epoch: 82, Steps: 64 | Train Loss: 0.3584421 Vali Loss: 0.6807198 Test Loss: 0.3749758
EarlyStopping counter: 32 out of 100
Updating learning rate to 2.427494450315473e-08
Epoch: 83 cost time: 1.442471981048584
Epoch: 83, Steps: 64 | Train Loss: 0.3587472 Vali Loss: 0.6780033 Test Loss: 0.3750152
EarlyStopping counter: 33 out of 100
Updating learning rate to 2.1847450052839257e-08
Epoch: 84 cost time: 1.723235845565796
Epoch: 84, Steps: 64 | Train Loss: 0.3585046 Vali Loss: 0.6837168 Test Loss: 0.3749912
EarlyStopping counter: 34 out of 100
Updating learning rate to 1.9662705047555332e-08
Epoch: 85 cost time: 1.8157148361206055
Epoch: 85, Steps: 64 | Train Loss: 0.3584598 Vali Loss: 0.6774313 Test Loss: 0.3749832
EarlyStopping counter: 35 out of 100
Updating learning rate to 1.7696434542799797e-08
Epoch: 86 cost time: 1.6538829803466797
Epoch: 86, Steps: 64 | Train Loss: 0.3587725 Vali Loss: 0.6803796 Test Loss: 0.3749465
EarlyStopping counter: 36 out of 100
Updating learning rate to 1.5926791088519817e-08
Epoch: 87 cost time: 1.7481052875518799
Epoch: 87, Steps: 64 | Train Loss: 0.3584820 Vali Loss: 0.6764201 Test Loss: 0.3749529
EarlyStopping counter: 37 out of 100
Updating learning rate to 1.4334111979667836e-08
Epoch: 88 cost time: 1.5760765075683594
Epoch: 88, Steps: 64 | Train Loss: 0.3583550 Vali Loss: 0.6811661 Test Loss: 0.3749627
EarlyStopping counter: 38 out of 100
Updating learning rate to 1.2900700781701054e-08
Epoch: 89 cost time: 1.6358628273010254
Epoch: 89, Steps: 64 | Train Loss: 0.3579458 Vali Loss: 0.6796516 Test Loss: 0.3749715
EarlyStopping counter: 39 out of 100
Updating learning rate to 1.161063070353095e-08
Epoch: 90 cost time: 1.7425882816314697
Epoch: 90, Steps: 64 | Train Loss: 0.3585210 Vali Loss: 0.6800961 Test Loss: 0.3750130
EarlyStopping counter: 40 out of 100
Updating learning rate to 1.0449567633177854e-08
Epoch: 91 cost time: 1.4834072589874268
Epoch: 91, Steps: 64 | Train Loss: 0.3586203 Vali Loss: 0.6783069 Test Loss: 0.3749602
EarlyStopping counter: 41 out of 100
Updating learning rate to 9.404610869860069e-09
Epoch: 92 cost time: 1.1626505851745605
Epoch: 92, Steps: 64 | Train Loss: 0.3579430 Vali Loss: 0.6784264 Test Loss: 0.3749214
EarlyStopping counter: 42 out of 100
Updating learning rate to 8.464149782874063e-09
Epoch: 93 cost time: 1.1240200996398926
Epoch: 93, Steps: 64 | Train Loss: 0.3582549 Vali Loss: 0.6813821 Test Loss: 0.3749250
EarlyStopping counter: 43 out of 100
Updating learning rate to 7.617734804586658e-09
Epoch: 94 cost time: 1.1781938076019287
Epoch: 94, Steps: 64 | Train Loss: 0.3584896 Vali Loss: 0.6833099 Test Loss: 0.3749326
EarlyStopping counter: 44 out of 100
Updating learning rate to 6.855961324127991e-09
Epoch: 95 cost time: 1.1296041011810303
Epoch: 95, Steps: 64 | Train Loss: 0.3583566 Vali Loss: 0.6769331 Test Loss: 0.3749157
EarlyStopping counter: 45 out of 100
Updating learning rate to 6.170365191715193e-09
Epoch: 96 cost time: 1.1917002201080322
Epoch: 96, Steps: 64 | Train Loss: 0.3584891 Vali Loss: 0.6774908 Test Loss: 0.3750033
EarlyStopping counter: 46 out of 100
Updating learning rate to 5.5533286725436726e-09
Epoch: 97 cost time: 1.1214869022369385
Epoch: 97, Steps: 64 | Train Loss: 0.3581762 Vali Loss: 0.6790514 Test Loss: 0.3749759
EarlyStopping counter: 47 out of 100
Updating learning rate to 4.997995805289306e-09
Epoch: 98 cost time: 1.137838363647461
Epoch: 98, Steps: 64 | Train Loss: 0.3585014 Vali Loss: 0.6800732 Test Loss: 0.3749154
EarlyStopping counter: 48 out of 100
Updating learning rate to 4.498196224760375e-09
Epoch: 99 cost time: 1.6770236492156982
Epoch: 99, Steps: 64 | Train Loss: 0.3584192 Vali Loss: 0.6783096 Test Loss: 0.3749841
EarlyStopping counter: 49 out of 100
Updating learning rate to 4.048376602284338e-09
Epoch: 100 cost time: 1.472388744354248
Epoch: 100, Steps: 64 | Train Loss: 0.3586767 Vali Loss: 0.6785279 Test Loss: 0.3749014
EarlyStopping counter: 50 out of 100
Updating learning rate to 3.643538942055904e-09
>>>>>>>testing : 336_96_PatchTST_ETTh1_ftM_sl336_ll48_pl96_dm16_nh4_el3_dl1_df128_fc1_ebtimeF_dtTrue_Exp_0<<<<<<<<<<<<<<<<<<<<<<<<<<<<<<<<<
test 2785
mse:0.3751208186149597, mae:0.3994724750518799, rse:0.5807657837867737
