Args in experiment:
Namespace(random_seed=2021, is_training=1, model_id='336_96', model='Transformer', data='ETTh1', root_path='./data/ETT/', data_path='ETTh1.csv', features='M', target='OT', freq='h', checkpoints='./checkpoints/', seq_len=336, label_len=48, pred_len=96, fc_dropout=0.3, head_dropout=0.0, patch_len=16, stride=8, padding_patch='end', revin=1, affine=0, subtract_last=0, decomposition=0, kernel_size=25, individual=0, embed_type=0, enc_in=7, dec_in=7, c_out=7, d_model=16, n_heads=4, e_layers=3, d_layers=1, d_ff=128, moving_avg=25, factor=1, distil=True, dropout=0.3, embed='timeF', activation='gelu', output_attention=False, do_predict=False, num_workers=10, itr=1, train_epochs=100, batch_size=128, patience=100, learning_rate=0.0001, des='Exp', loss='mse', lradj='type3', pct_start=0.3, use_amp=False, use_gpu=True, gpu=0, use_multi_gpu=False, devices='0,1,2,3', test_flop=False)
Use GPU: cuda:0
>>>>>>>start training : 336_96_Transformer_ETTh1_ftM_sl336_ll48_pl96_dm16_nh4_el3_dl1_df128_fc1_ebtimeF_dtTrue_Exp_0>>>>>>>>>>>>>>>>>>>>>>>>>>
train 8209
val 2785
test 2785
Epoch: 1 cost time: 4.349854230880737
Epoch: 1, Steps: 64 | Train Loss: 1.3483926 Vali Loss: 1.6774303 Test Loss: 1.3819872
Validation loss decreased (inf --> 1.677430).  Saving model ...
Updating learning rate to 0.0001
Epoch: 2 cost time: 2.905005931854248
Epoch: 2, Steps: 64 | Train Loss: 1.1993178 Vali Loss: 1.5276293 Test Loss: 1.1289027
Validation loss decreased (1.677430 --> 1.527629).  Saving model ...
Updating learning rate to 0.0001
Epoch: 3 cost time: 2.8821306228637695
Epoch: 3, Steps: 64 | Train Loss: 1.0020539 Vali Loss: 1.4880670 Test Loss: 1.0798664
Validation loss decreased (1.527629 --> 1.488067).  Saving model ...
Updating learning rate to 0.0001
Epoch: 4 cost time: 2.888461112976074
Epoch: 4, Steps: 64 | Train Loss: 0.8824325 Vali Loss: 1.4602314 Test Loss: 1.0966451
Validation loss decreased (1.488067 --> 1.460231).  Saving model ...
Updating learning rate to 9e-05
Epoch: 5 cost time: 2.8874471187591553
Epoch: 5, Steps: 64 | Train Loss: 0.8104828 Vali Loss: 1.4446795 Test Loss: 1.1289669
Validation loss decreased (1.460231 --> 1.444679).  Saving model ...
Updating learning rate to 8.1e-05
Epoch: 6 cost time: 3.26281476020813
Epoch: 6, Steps: 64 | Train Loss: 0.7645176 Vali Loss: 1.4220868 Test Loss: 1.1229889
Validation loss decreased (1.444679 --> 1.422087).  Saving model ...
Updating learning rate to 7.290000000000001e-05
Epoch: 7 cost time: 3.251497983932495
Epoch: 7, Steps: 64 | Train Loss: 0.7313559 Vali Loss: 1.4069837 Test Loss: 1.1204897
Validation loss decreased (1.422087 --> 1.406984).  Saving model ...
Updating learning rate to 6.561e-05
Epoch: 8 cost time: 3.2996301651000977
Epoch: 8, Steps: 64 | Train Loss: 0.7065982 Vali Loss: 1.3973174 Test Loss: 1.1145569
Validation loss decreased (1.406984 --> 1.397317).  Saving model ...
Updating learning rate to 5.904900000000001e-05
Epoch: 9 cost time: 3.330953359603882
Epoch: 9, Steps: 64 | Train Loss: 0.6877748 Vali Loss: 1.3847543 Test Loss: 1.1093519
Validation loss decreased (1.397317 --> 1.384754).  Saving model ...
Updating learning rate to 5.3144100000000005e-05
Epoch: 10 cost time: 3.257812261581421
Epoch: 10, Steps: 64 | Train Loss: 0.6736399 Vali Loss: 1.3834732 Test Loss: 1.1089056
Validation loss decreased (1.384754 --> 1.383473).  Saving model ...
Updating learning rate to 4.782969000000001e-05
Epoch: 11 cost time: 3.225374698638916
Epoch: 11, Steps: 64 | Train Loss: 0.6626178 Vali Loss: 1.3781314 Test Loss: 1.1088045
Validation loss decreased (1.383473 --> 1.378131).  Saving model ...
Updating learning rate to 4.304672100000001e-05
Epoch: 12 cost time: 3.2375433444976807
Epoch: 12, Steps: 64 | Train Loss: 0.6535571 Vali Loss: 1.3784550 Test Loss: 1.1092843
EarlyStopping counter: 1 out of 100
Updating learning rate to 3.874204890000001e-05
Epoch: 13 cost time: 3.3658108711242676
Epoch: 13, Steps: 64 | Train Loss: 0.6469447 Vali Loss: 1.3781191 Test Loss: 1.1134840
Validation loss decreased (1.378131 --> 1.378119).  Saving model ...
Updating learning rate to 3.486784401000001e-05
Epoch: 14 cost time: 3.3599729537963867
Epoch: 14, Steps: 64 | Train Loss: 0.6407539 Vali Loss: 1.3730173 Test Loss: 1.1164397
Validation loss decreased (1.378119 --> 1.373017).  Saving model ...
Updating learning rate to 3.138105960900001e-05
Epoch: 15 cost time: 3.3200409412384033
Epoch: 15, Steps: 64 | Train Loss: 0.6359379 Vali Loss: 1.3758645 Test Loss: 1.1183134
EarlyStopping counter: 1 out of 100
Updating learning rate to 2.824295364810001e-05
Epoch: 16 cost time: 2.9901483058929443
Epoch: 16, Steps: 64 | Train Loss: 0.6318112 Vali Loss: 1.3682343 Test Loss: 1.1224872
Validation loss decreased (1.373017 --> 1.368234).  Saving model ...
Updating learning rate to 2.541865828329001e-05
Epoch: 17 cost time: 2.91585636138916
Epoch: 17, Steps: 64 | Train Loss: 0.6278922 Vali Loss: 1.3802810 Test Loss: 1.1235090
EarlyStopping counter: 1 out of 100
Updating learning rate to 2.287679245496101e-05
Epoch: 18 cost time: 2.8859610557556152
Epoch: 18, Steps: 64 | Train Loss: 0.6252175 Vali Loss: 1.3769132 Test Loss: 1.1244752
EarlyStopping counter: 2 out of 100
Updating learning rate to 2.0589113209464907e-05
Epoch: 19 cost time: 2.897830009460449
Epoch: 19, Steps: 64 | Train Loss: 0.6224177 Vali Loss: 1.3760805 Test Loss: 1.1266387
EarlyStopping counter: 3 out of 100
Updating learning rate to 1.8530201888518416e-05
Epoch: 20 cost time: 3.2753067016601562
Epoch: 20, Steps: 64 | Train Loss: 0.6205559 Vali Loss: 1.3790902 Test Loss: 1.1279043
EarlyStopping counter: 4 out of 100
Updating learning rate to 1.6677181699666577e-05
Epoch: 21 cost time: 3.335766553878784
Epoch: 21, Steps: 64 | Train Loss: 0.6178013 Vali Loss: 1.3793598 Test Loss: 1.1297321
EarlyStopping counter: 5 out of 100
Updating learning rate to 1.5009463529699919e-05
Epoch: 22 cost time: 3.3234283924102783
Epoch: 22, Steps: 64 | Train Loss: 0.6166583 Vali Loss: 1.3786318 Test Loss: 1.1303766
EarlyStopping counter: 6 out of 100
Updating learning rate to 1.3508517176729929e-05
Epoch: 23 cost time: 3.274895668029785
Epoch: 23, Steps: 64 | Train Loss: 0.6149573 Vali Loss: 1.3825091 Test Loss: 1.1312298
EarlyStopping counter: 7 out of 100
Updating learning rate to 1.2157665459056936e-05
Epoch: 24 cost time: 3.3057193756103516
Epoch: 24, Steps: 64 | Train Loss: 0.6131305 Vali Loss: 1.3802768 Test Loss: 1.1321275
EarlyStopping counter: 8 out of 100
Updating learning rate to 1.0941898913151242e-05
Epoch: 25 cost time: 3.2930409908294678
Epoch: 25, Steps: 64 | Train Loss: 0.6121739 Vali Loss: 1.3758466 Test Loss: 1.1340460
EarlyStopping counter: 9 out of 100
Updating learning rate to 9.847709021836118e-06
Epoch: 26 cost time: 3.2432634830474854
Epoch: 26, Steps: 64 | Train Loss: 0.6111858 Vali Loss: 1.3848639 Test Loss: 1.1329921
EarlyStopping counter: 10 out of 100
Updating learning rate to 8.862938119652508e-06
Epoch: 27 cost time: 3.298905372619629
Epoch: 27, Steps: 64 | Train Loss: 0.6100312 Vali Loss: 1.3844630 Test Loss: 1.1338781
EarlyStopping counter: 11 out of 100
Updating learning rate to 7.976644307687255e-06
Epoch: 28 cost time: 3.3224716186523438
Epoch: 28, Steps: 64 | Train Loss: 0.6089869 Vali Loss: 1.3803167 Test Loss: 1.1343577
EarlyStopping counter: 12 out of 100
Updating learning rate to 7.178979876918531e-06
Epoch: 29 cost time: 3.2424123287200928
Epoch: 29, Steps: 64 | Train Loss: 0.6083161 Vali Loss: 1.3887818 Test Loss: 1.1350065
EarlyStopping counter: 13 out of 100
Updating learning rate to 6.4610818892266776e-06
Epoch: 30 cost time: 3.040597438812256
Epoch: 30, Steps: 64 | Train Loss: 0.6077603 Vali Loss: 1.3802364 Test Loss: 1.1348611
EarlyStopping counter: 14 out of 100
Updating learning rate to 5.8149737003040096e-06
Epoch: 31 cost time: 2.9216291904449463
Epoch: 31, Steps: 64 | Train Loss: 0.6071713 Vali Loss: 1.3854599 Test Loss: 1.1352742
EarlyStopping counter: 15 out of 100
Updating learning rate to 5.23347633027361e-06
Epoch: 32 cost time: 2.8970446586608887
Epoch: 32, Steps: 64 | Train Loss: 0.6064028 Vali Loss: 1.3890431 Test Loss: 1.1360222
EarlyStopping counter: 16 out of 100
Updating learning rate to 4.710128697246249e-06
Epoch: 33 cost time: 2.892808675765991
Epoch: 33, Steps: 64 | Train Loss: 0.6055379 Vali Loss: 1.3836600 Test Loss: 1.1362729
EarlyStopping counter: 17 out of 100
Updating learning rate to 4.239115827521624e-06
Epoch: 34 cost time: 3.4373536109924316
Epoch: 34, Steps: 64 | Train Loss: 0.6049016 Vali Loss: 1.3908544 Test Loss: 1.1367522
EarlyStopping counter: 18 out of 100
Updating learning rate to 3.815204244769462e-06
Epoch: 35 cost time: 3.2948710918426514
Epoch: 35, Steps: 64 | Train Loss: 0.6050216 Vali Loss: 1.3859007 Test Loss: 1.1361740
EarlyStopping counter: 19 out of 100
Updating learning rate to 3.4336838202925152e-06
Epoch: 36 cost time: 3.2649588584899902
Epoch: 36, Steps: 64 | Train Loss: 0.6047262 Vali Loss: 1.3916658 Test Loss: 1.1363429
EarlyStopping counter: 20 out of 100
Updating learning rate to 3.090315438263264e-06
Epoch: 37 cost time: 3.2340164184570312
Epoch: 37, Steps: 64 | Train Loss: 0.6043101 Vali Loss: 1.3852791 Test Loss: 1.1368525
EarlyStopping counter: 21 out of 100
Updating learning rate to 2.7812838944369375e-06
Epoch: 38 cost time: 3.398698329925537
Epoch: 38, Steps: 64 | Train Loss: 0.6036302 Vali Loss: 1.3829172 Test Loss: 1.1366600
EarlyStopping counter: 22 out of 100
Updating learning rate to 2.503155504993244e-06
Epoch: 39 cost time: 3.248457908630371
Epoch: 39, Steps: 64 | Train Loss: 0.6037110 Vali Loss: 1.3891786 Test Loss: 1.1368716
EarlyStopping counter: 23 out of 100
Updating learning rate to 2.2528399544939195e-06
Epoch: 40 cost time: 3.2897942066192627
Epoch: 40, Steps: 64 | Train Loss: 0.6037038 Vali Loss: 1.3842781 Test Loss: 1.1367992
EarlyStopping counter: 24 out of 100
Updating learning rate to 2.0275559590445276e-06
Epoch: 41 cost time: 3.290508508682251
Epoch: 41, Steps: 64 | Train Loss: 0.6030883 Vali Loss: 1.3874773 Test Loss: 1.1370165
EarlyStopping counter: 25 out of 100
Updating learning rate to 1.8248003631400751e-06
Epoch: 42 cost time: 3.3104376792907715
Epoch: 42, Steps: 64 | Train Loss: 0.6029183 Vali Loss: 1.3896540 Test Loss: 1.1371683
EarlyStopping counter: 26 out of 100
Updating learning rate to 1.6423203268260676e-06
Epoch: 43 cost time: 3.302933931350708
Epoch: 43, Steps: 64 | Train Loss: 0.6025953 Vali Loss: 1.3930852 Test Loss: 1.1372648
EarlyStopping counter: 27 out of 100
Updating learning rate to 1.4780882941434609e-06
Epoch: 44 cost time: 2.955101251602173
Epoch: 44, Steps: 64 | Train Loss: 0.6023980 Vali Loss: 1.3874710 Test Loss: 1.1372696
EarlyStopping counter: 28 out of 100
Updating learning rate to 1.3302794647291146e-06
Epoch: 45 cost time: 2.962928533554077
Epoch: 45, Steps: 64 | Train Loss: 0.6024109 Vali Loss: 1.3853816 Test Loss: 1.1374052
EarlyStopping counter: 29 out of 100
Updating learning rate to 1.1972515182562034e-06
Epoch: 46 cost time: 2.8833842277526855
Epoch: 46, Steps: 64 | Train Loss: 0.6021226 Vali Loss: 1.3903211 Test Loss: 1.1374520
EarlyStopping counter: 30 out of 100
Updating learning rate to 1.077526366430583e-06
Epoch: 47 cost time: 2.894947052001953
Epoch: 47, Steps: 64 | Train Loss: 0.6019416 Vali Loss: 1.3886135 Test Loss: 1.1372981
EarlyStopping counter: 31 out of 100
Updating learning rate to 9.697737297875248e-07
Epoch: 48 cost time: 3.3845903873443604
Epoch: 48, Steps: 64 | Train Loss: 0.6019926 Vali Loss: 1.3931266 Test Loss: 1.1373942
EarlyStopping counter: 32 out of 100
Updating learning rate to 8.727963568087723e-07
Epoch: 49 cost time: 3.131147623062134
Epoch: 49, Steps: 64 | Train Loss: 0.6015425 Vali Loss: 1.3890495 Test Loss: 1.1374339
EarlyStopping counter: 33 out of 100
Updating learning rate to 7.855167211278951e-07
Epoch: 50 cost time: 3.4015276432037354
Epoch: 50, Steps: 64 | Train Loss: 0.6017330 Vali Loss: 1.3832979 Test Loss: 1.1372473
EarlyStopping counter: 34 out of 100
Updating learning rate to 7.069650490151056e-07
Epoch: 51 cost time: 3.3764913082122803
Epoch: 51, Steps: 64 | Train Loss: 0.6018567 Vali Loss: 1.3894534 Test Loss: 1.1374416
EarlyStopping counter: 35 out of 100
Updating learning rate to 6.36268544113595e-07
Epoch: 52 cost time: 3.2931575775146484
Epoch: 52, Steps: 64 | Train Loss: 0.6015939 Vali Loss: 1.3946940 Test Loss: 1.1375411
EarlyStopping counter: 36 out of 100
Updating learning rate to 5.726416897022355e-07
Epoch: 53 cost time: 3.3150155544281006
Epoch: 53, Steps: 64 | Train Loss: 0.6012981 Vali Loss: 1.3909883 Test Loss: 1.1375270
EarlyStopping counter: 37 out of 100
Updating learning rate to 5.15377520732012e-07
Epoch: 54 cost time: 3.3213372230529785
Epoch: 54, Steps: 64 | Train Loss: 0.6014966 Vali Loss: 1.3929541 Test Loss: 1.1374875
EarlyStopping counter: 38 out of 100
Updating learning rate to 4.6383976865881085e-07
Epoch: 55 cost time: 3.266488552093506
Epoch: 55, Steps: 64 | Train Loss: 0.6015186 Vali Loss: 1.3884871 Test Loss: 1.1375345
EarlyStopping counter: 39 out of 100
Updating learning rate to 4.174557917929298e-07
Epoch: 56 cost time: 3.3825418949127197
Epoch: 56, Steps: 64 | Train Loss: 0.6010714 Vali Loss: 1.3896365 Test Loss: 1.1375751
EarlyStopping counter: 40 out of 100
Updating learning rate to 3.7571021261363677e-07
Epoch: 57 cost time: 3.359485626220703
Epoch: 57, Steps: 64 | Train Loss: 0.6012039 Vali Loss: 1.3917997 Test Loss: 1.1375523
EarlyStopping counter: 41 out of 100
Updating learning rate to 3.381391913522731e-07
Epoch: 58 cost time: 3.2068228721618652
Epoch: 58, Steps: 64 | Train Loss: 0.6013970 Vali Loss: 1.3939154 Test Loss: 1.1375390
EarlyStopping counter: 42 out of 100
Updating learning rate to 3.043252722170458e-07
Epoch: 59 cost time: 2.9266469478607178
Epoch: 59, Steps: 64 | Train Loss: 0.6010080 Vali Loss: 1.3870095 Test Loss: 1.1375641
EarlyStopping counter: 43 out of 100
Updating learning rate to 2.7389274499534124e-07
Epoch: 60 cost time: 2.8756320476531982
Epoch: 60, Steps: 64 | Train Loss: 0.6012301 Vali Loss: 1.3884676 Test Loss: 1.1375780
EarlyStopping counter: 44 out of 100
Updating learning rate to 2.465034704958071e-07
Epoch: 61 cost time: 2.881013870239258
Epoch: 61, Steps: 64 | Train Loss: 0.6011570 Vali Loss: 1.3905039 Test Loss: 1.1375730
EarlyStopping counter: 45 out of 100
Updating learning rate to 2.218531234462264e-07
Epoch: 62 cost time: 3.1491358280181885
Epoch: 62, Steps: 64 | Train Loss: 0.6014379 Vali Loss: 1.3895634 Test Loss: 1.1375872
EarlyStopping counter: 46 out of 100
Updating learning rate to 1.9966781110160376e-07
Epoch: 63 cost time: 3.4078803062438965
Epoch: 63, Steps: 64 | Train Loss: 0.6007686 Vali Loss: 1.3950698 Test Loss: 1.1375891
EarlyStopping counter: 47 out of 100
Updating learning rate to 1.797010299914434e-07
Epoch: 64 cost time: 3.303090810775757
Epoch: 64, Steps: 64 | Train Loss: 0.6008551 Vali Loss: 1.3921793 Test Loss: 1.1375855
EarlyStopping counter: 48 out of 100
Updating learning rate to 1.6173092699229907e-07
Epoch: 65 cost time: 3.2876434326171875
Epoch: 65, Steps: 64 | Train Loss: 0.6008924 Vali Loss: 1.3880272 Test Loss: 1.1376042
EarlyStopping counter: 49 out of 100
Updating learning rate to 1.4555783429306916e-07
Epoch: 66 cost time: 3.2681162357330322
Epoch: 66, Steps: 64 | Train Loss: 0.6009566 Vali Loss: 1.3894295 Test Loss: 1.1376191
EarlyStopping counter: 50 out of 100
Updating learning rate to 1.3100205086376224e-07
Epoch: 67 cost time: 3.214104652404785
Epoch: 67, Steps: 64 | Train Loss: 0.6013865 Vali Loss: 1.3912140 Test Loss: 1.1376228
EarlyStopping counter: 51 out of 100
Updating learning rate to 1.1790184577738603e-07
Epoch: 68 cost time: 3.388767719268799
Epoch: 68, Steps: 64 | Train Loss: 0.6007342 Vali Loss: 1.3910365 Test Loss: 1.1376158
EarlyStopping counter: 52 out of 100
Updating learning rate to 1.0611166119964742e-07
Epoch: 69 cost time: 3.2679319381713867
Epoch: 69, Steps: 64 | Train Loss: 0.6007337 Vali Loss: 1.3883104 Test Loss: 1.1376215
EarlyStopping counter: 53 out of 100
Updating learning rate to 9.550049507968268e-08
Epoch: 70 cost time: 3.316582441329956
Epoch: 70, Steps: 64 | Train Loss: 0.6008118 Vali Loss: 1.3939314 Test Loss: 1.1376183
EarlyStopping counter: 54 out of 100
Updating learning rate to 8.595044557171442e-08
Epoch: 71 cost time: 3.360865354537964
Epoch: 71, Steps: 64 | Train Loss: 0.6013448 Vali Loss: 1.3880297 Test Loss: 1.1376356
EarlyStopping counter: 55 out of 100
Updating learning rate to 7.735540101454298e-08
Epoch: 72 cost time: 3.2802014350891113
Epoch: 72, Steps: 64 | Train Loss: 0.6012126 Vali Loss: 1.3917150 Test Loss: 1.1376451
EarlyStopping counter: 56 out of 100
Updating learning rate to 6.961986091308869e-08
Epoch: 73 cost time: 2.9139108657836914
Epoch: 73, Steps: 64 | Train Loss: 0.6010096 Vali Loss: 1.3920351 Test Loss: 1.1376566
EarlyStopping counter: 57 out of 100
Updating learning rate to 6.265787482177981e-08
Epoch: 74 cost time: 2.8812992572784424
Epoch: 74, Steps: 64 | Train Loss: 0.6009184 Vali Loss: 1.3901167 Test Loss: 1.1376382
EarlyStopping counter: 58 out of 100
Updating learning rate to 5.639208733960184e-08
Epoch: 75 cost time: 2.8786442279815674
Epoch: 75, Steps: 64 | Train Loss: 0.6009145 Vali Loss: 1.3950130 Test Loss: 1.1376429
EarlyStopping counter: 59 out of 100
Updating learning rate to 5.075287860564165e-08
Epoch: 76 cost time: 3.3317105770111084
Epoch: 76, Steps: 64 | Train Loss: 0.6008032 Vali Loss: 1.3841035 Test Loss: 1.1376413
EarlyStopping counter: 60 out of 100
Updating learning rate to 4.567759074507749e-08
Epoch: 77 cost time: 3.3810486793518066
Epoch: 77, Steps: 64 | Train Loss: 0.6006521 Vali Loss: 1.3941363 Test Loss: 1.1376503
EarlyStopping counter: 61 out of 100
Updating learning rate to 4.1109831670569744e-08
Epoch: 78 cost time: 3.2095367908477783
Epoch: 78, Steps: 64 | Train Loss: 0.6006994 Vali Loss: 1.3908149 Test Loss: 1.1376542
EarlyStopping counter: 62 out of 100
Updating learning rate to 3.6998848503512764e-08
Epoch: 79 cost time: 3.3849449157714844
Epoch: 79, Steps: 64 | Train Loss: 0.6007466 Vali Loss: 1.3905462 Test Loss: 1.1376541
EarlyStopping counter: 63 out of 100
Updating learning rate to 3.3298963653161496e-08
Epoch: 80 cost time: 3.3967247009277344
Epoch: 80, Steps: 64 | Train Loss: 0.6008438 Vali Loss: 1.3942999 Test Loss: 1.1376609
EarlyStopping counter: 64 out of 100
Updating learning rate to 2.996906728784534e-08
Epoch: 81 cost time: 3.291067361831665
Epoch: 81, Steps: 64 | Train Loss: 0.6008621 Vali Loss: 1.3971153 Test Loss: 1.1376553
EarlyStopping counter: 65 out of 100
Updating learning rate to 2.697216055906081e-08
Epoch: 82 cost time: 3.2796177864074707
Epoch: 82, Steps: 64 | Train Loss: 0.6008530 Vali Loss: 1.3918618 Test Loss: 1.1376568
EarlyStopping counter: 66 out of 100
Updating learning rate to 2.427494450315473e-08
Epoch: 83 cost time: 3.1726889610290527
Epoch: 83, Steps: 64 | Train Loss: 0.6010563 Vali Loss: 1.3934264 Test Loss: 1.1376597
EarlyStopping counter: 67 out of 100
Updating learning rate to 2.1847450052839257e-08
Epoch: 84 cost time: 3.263678550720215
Epoch: 84, Steps: 64 | Train Loss: 0.6007334 Vali Loss: 1.3851044 Test Loss: 1.1376597
EarlyStopping counter: 68 out of 100
Updating learning rate to 1.9662705047555332e-08
Epoch: 85 cost time: 3.4489266872406006
Epoch: 85, Steps: 64 | Train Loss: 0.6003908 Vali Loss: 1.3951545 Test Loss: 1.1376604
EarlyStopping counter: 69 out of 100
Updating learning rate to 1.7696434542799797e-08
Epoch: 86 cost time: 3.104780673980713
Epoch: 86, Steps: 64 | Train Loss: 0.6008670 Vali Loss: 1.3906101 Test Loss: 1.1376607
EarlyStopping counter: 70 out of 100
Updating learning rate to 1.5926791088519817e-08
Epoch: 87 cost time: 2.900397300720215
Epoch: 87, Steps: 64 | Train Loss: 0.6007561 Vali Loss: 1.3902594 Test Loss: 1.1376578
EarlyStopping counter: 71 out of 100
Updating learning rate to 1.4334111979667836e-08
Epoch: 88 cost time: 2.9085195064544678
Epoch: 88, Steps: 64 | Train Loss: 0.6009024 Vali Loss: 1.3958005 Test Loss: 1.1376581
EarlyStopping counter: 72 out of 100
Updating learning rate to 1.2900700781701054e-08
Epoch: 89 cost time: 2.8780181407928467
Epoch: 89, Steps: 64 | Train Loss: 0.6008157 Vali Loss: 1.3886820 Test Loss: 1.1376585
EarlyStopping counter: 73 out of 100
Updating learning rate to 1.161063070353095e-08
Epoch: 90 cost time: 3.316376209259033
Epoch: 90, Steps: 64 | Train Loss: 0.6007441 Vali Loss: 1.3884028 Test Loss: 1.1376582
EarlyStopping counter: 74 out of 100
Updating learning rate to 1.0449567633177854e-08
Epoch: 91 cost time: 3.157895565032959
Epoch: 91, Steps: 64 | Train Loss: 0.6004459 Vali Loss: 1.3981075 Test Loss: 1.1376572
EarlyStopping counter: 75 out of 100
Updating learning rate to 9.404610869860069e-09
Epoch: 92 cost time: 3.3439295291900635
Epoch: 92, Steps: 64 | Train Loss: 0.6008775 Vali Loss: 1.3917894 Test Loss: 1.1376581
EarlyStopping counter: 76 out of 100
Updating learning rate to 8.464149782874063e-09
Epoch: 93 cost time: 3.2920429706573486
Epoch: 93, Steps: 64 | Train Loss: 0.6007768 Vali Loss: 1.3974184 Test Loss: 1.1376581
EarlyStopping counter: 77 out of 100
Updating learning rate to 7.617734804586658e-09
Epoch: 94 cost time: 3.260312795639038
Epoch: 94, Steps: 64 | Train Loss: 0.6009806 Vali Loss: 1.3857093 Test Loss: 1.1376582
EarlyStopping counter: 78 out of 100
Updating learning rate to 6.855961324127991e-09
Epoch: 95 cost time: 3.286402463912964
Epoch: 95, Steps: 64 | Train Loss: 0.6009568 Vali Loss: 1.3906114 Test Loss: 1.1376582
EarlyStopping counter: 79 out of 100
Updating learning rate to 6.170365191715193e-09
Epoch: 96 cost time: 3.2839245796203613
Epoch: 96, Steps: 64 | Train Loss: 0.6008947 Vali Loss: 1.3910949 Test Loss: 1.1376575
EarlyStopping counter: 80 out of 100
Updating learning rate to 5.5533286725436726e-09
Epoch: 97 cost time: 3.3579587936401367
Epoch: 97, Steps: 64 | Train Loss: 0.6008020 Vali Loss: 1.3907993 Test Loss: 1.1376570
EarlyStopping counter: 81 out of 100
Updating learning rate to 4.997995805289306e-09
Epoch: 98 cost time: 3.3014097213745117
Epoch: 98, Steps: 64 | Train Loss: 0.6004533 Vali Loss: 1.3989396 Test Loss: 1.1376575
EarlyStopping counter: 82 out of 100
Updating learning rate to 4.498196224760375e-09
Epoch: 99 cost time: 3.2793025970458984
Epoch: 99, Steps: 64 | Train Loss: 0.6007312 Vali Loss: 1.3871874 Test Loss: 1.1376575
EarlyStopping counter: 83 out of 100
Updating learning rate to 4.048376602284338e-09
Epoch: 100 cost time: 3.0334582328796387
Epoch: 100, Steps: 64 | Train Loss: 0.6008454 Vali Loss: 1.3886629 Test Loss: 1.1376578
EarlyStopping counter: 84 out of 100
Updating learning rate to 3.643538942055904e-09
>>>>>>>testing : 336_96_Transformer_ETTh1_ftM_sl336_ll48_pl96_dm16_nh4_el3_dl1_df128_fc1_ebtimeF_dtTrue_Exp_0<<<<<<<<<<<<<<<<<<<<<<<<<<<<<<<<<
test 2785
mse:1.122487187385559, mae:0.8473479747772217, rse:1.0046299695968628
